{"C:\\Users\\User\\Downloads\\SE2-Assignments-Assignment1\\SE2-Assignments-Assignment1\\src\\config\\index.ts": {"path":"C:\\Users\\User\\Downloads\\SE2-Assignments-Assignment1\\SE2-Assignments-Assignment1\\src\\config\\index.ts","statementMap":{"0":{"start":{"line":1,"column":0},"end":{"line":1,"column":28}},"1":{"start":{"line":2,"column":0},"end":{"line":2,"column":23}},"2":{"start":{"line":4,"column":0},"end":{"line":6,"column":3}},"3":{"start":{"line":7,"column":0},"end":{"line":27,"column":null}}},"fnMap":{},"branchMap":{"0":{"loc":{"start":{"line":8,"column":10},"end":{"line":8,"column":41}},"type":"binary-expr","locations":[{"start":{"line":8,"column":10},"end":{"line":8,"column":29}},{"start":{"line":8,"column":33},"end":{"line":8,"column":41}}]}},"s":{"0":3,"1":3,"2":3,"3":3},"f":{},"b":{"0":[3,3]}}
,"C:\\Users\\User\\Downloads\\SE2-Assignments-Assignment1\\SE2-Assignments-Assignment1\\src\\mappers\\Cake.mappers.ts": {"path":"C:\\Users\\User\\Downloads\\SE2-Assignments-Assignment1\\SE2-Assignments-Assignment1\\src\\mappers\\Cake.mappers.ts","statementMap":{"0":{"start":{"line":2,"column":0},"end":{"line":2,"column":85}},"1":{"start":{"line":3,"column":0},"end":{"line":3,"column":85}},"2":{"start":{"line":13,"column":12},"end":{"line":13,"column":15}},"3":{"start":{"line":15,"column":8},"end":{"line":31,"column":21}},"4":{"start":{"line":35,"column":8},"end":{"line":52,"column":10}},"5":{"start":{"line":7,"column":0},"end":{"line":7,"column":13}},"6":{"start":{"line":75,"column":8},"end":{"line":93,"column":17}},"7":{"start":{"line":97,"column":8},"end":{"line":113,"column":10}},"8":{"start":{"line":73,"column":0},"end":{"line":73,"column":13}},"9":{"start":{"line":141,"column":8},"end":{"line":159,"column":21}},"10":{"start":{"line":164,"column":8},"end":{"line":180,"column":10}},"11":{"start":{"line":137,"column":0},"end":{"line":137,"column":13}},"12":{"start":{"line":201,"column":8},"end":{"line":213,"column":21}},"13":{"start":{"line":217,"column":8},"end":{"line":228,"column":10}},"14":{"start":{"line":198,"column":0},"end":{"line":198,"column":13}}},"fnMap":{"0":{"name":"(anonymous_0)","decl":{"start":{"line":8,"column":4},"end":{"line":8,"column":7}},"loc":{"start":{"line":8,"column":21},"end":{"line":32,"column":5}}},"1":{"name":"(anonymous_1)","decl":{"start":{"line":33,"column":4},"end":{"line":33,"column":11}},"loc":{"start":{"line":33,"column":22},"end":{"line":53,"column":5}}},"2":{"name":"(anonymous_2)","decl":{"start":{"line":74,"column":4},"end":{"line":74,"column":7}},"loc":{"start":{"line":74,"column":24},"end":{"line":94,"column":5}}},"3":{"name":"(anonymous_3)","decl":{"start":{"line":96,"column":4},"end":{"line":96,"column":11}},"loc":{"start":{"line":96,"column":34},"end":{"line":114,"column":5}}},"4":{"name":"(anonymous_4)","decl":{"start":{"line":138,"column":4},"end":{"line":138,"column":7}},"loc":{"start":{"line":138,"column":32},"end":{"line":160,"column":5}}},"5":{"name":"(anonymous_5)","decl":{"start":{"line":162,"column":4},"end":{"line":162,"column":11}},"loc":{"start":{"line":162,"column":34},"end":{"line":181,"column":5}}},"6":{"name":"(anonymous_6)","decl":{"start":{"line":199,"column":4},"end":{"line":199,"column":7}},"loc":{"start":{"line":199,"column":32},"end":{"line":214,"column":5}}},"7":{"name":"(anonymous_7)","decl":{"start":{"line":216,"column":4},"end":{"line":216,"column":11}},"loc":{"start":{"line":216,"column":34},"end":{"line":229,"column":5}}}},"branchMap":{"0":{"loc":{"start":{"line":148,"column":33},"end":{"line":148,"column":71}},"type":"binary-expr","locations":[{"start":{"line":148,"column":33},"end":{"line":148,"column":50}},{"start":{"line":148,"column":54},"end":{"line":148,"column":71}}]},"1":{"loc":{"start":{"line":149,"column":35},"end":{"line":149,"column":77}},"type":"binary-expr","locations":[{"start":{"line":149,"column":35},"end":{"line":149,"column":54}},{"start":{"line":149,"column":58},"end":{"line":149,"column":77}}]},"2":{"loc":{"start":{"line":150,"column":35},"end":{"line":150,"column":77}},"type":"binary-expr","locations":[{"start":{"line":150,"column":35},"end":{"line":150,"column":54}},{"start":{"line":150,"column":58},"end":{"line":150,"column":77}}]},"3":{"loc":{"start":{"line":151,"column":36},"end":{"line":151,"column":80}},"type":"binary-expr","locations":[{"start":{"line":151,"column":36},"end":{"line":151,"column":56}},{"start":{"line":151,"column":60},"end":{"line":151,"column":80}}]},"4":{"loc":{"start":{"line":152,"column":34},"end":{"line":152,"column":74}},"type":"binary-expr","locations":[{"start":{"line":152,"column":34},"end":{"line":152,"column":52}},{"start":{"line":152,"column":56},"end":{"line":152,"column":74}}]},"5":{"loc":{"start":{"line":155,"column":39},"end":{"line":155,"column":89}},"type":"binary-expr","locations":[{"start":{"line":155,"column":39},"end":{"line":155,"column":62}},{"start":{"line":155,"column":66},"end":{"line":155,"column":89}}]},"6":{"loc":{"start":{"line":156,"column":34},"end":{"line":156,"column":74}},"type":"binary-expr","locations":[{"start":{"line":156,"column":34},"end":{"line":156,"column":52}},{"start":{"line":156,"column":56},"end":{"line":156,"column":74}}]}},"s":{"0":1,"1":1,"2":0,"3":0,"4":0,"5":1,"6":0,"7":0,"8":1,"9":3,"10":0,"11":1,"12":0,"13":0,"14":1},"f":{"0":0,"1":0,"2":0,"3":0,"4":3,"5":0,"6":0,"7":0},"b":{"0":[3,3],"1":[3,3],"2":[3,3],"3":[3,3],"4":[3,3],"5":[3,3],"6":[3,3]}}
,"C:\\Users\\User\\Downloads\\SE2-Assignments-Assignment1\\SE2-Assignments-Assignment1\\src\\model\\Book.models.ts": {"path":"C:\\Users\\User\\Downloads\\SE2-Assignments-Assignment1\\SE2-Assignments-Assignment1\\src\\model\\Book.models.ts","statementMap":{"0":{"start":{"line":2,"column":0},"end":{"line":2,"column":64}},"1":{"start":{"line":22,"column":8},"end":{"line":22,"column":35}},"2":{"start":{"line":23,"column":8},"end":{"line":23,"column":29}},"3":{"start":{"line":24,"column":8},"end":{"line":24,"column":27}},"4":{"start":{"line":25,"column":8},"end":{"line":25,"column":29}},"5":{"start":{"line":26,"column":8},"end":{"line":26,"column":33}},"6":{"start":{"line":27,"column":8},"end":{"line":27,"column":35}},"7":{"start":{"line":28,"column":8},"end":{"line":28,"column":45}},"8":{"start":{"line":29,"column":8},"end":{"line":29,"column":35}},"9":{"start":{"line":34,"column":8},"end":{"line":34,"column":33}},"10":{"start":{"line":40,"column":8},"end":{"line":40,"column":30}},"11":{"start":{"line":44,"column":8},"end":{"line":44,"column":27}},"12":{"start":{"line":48,"column":8},"end":{"line":48,"column":26}},"13":{"start":{"line":52,"column":8},"end":{"line":52,"column":27}},"14":{"start":{"line":56,"column":8},"end":{"line":56,"column":29}},"15":{"start":{"line":60,"column":8},"end":{"line":60,"column":30}},"16":{"start":{"line":64,"column":8},"end":{"line":64,"column":35}},"17":{"start":{"line":68,"column":8},"end":{"line":68,"column":30}},"18":{"start":{"line":5,"column":0},"end":{"line":5,"column":13}},"19":{"start":{"line":78,"column":8},"end":{"line":78,"column":51}},"20":{"start":{"line":91,"column":8},"end":{"line":91,"column":96}},"21":{"start":{"line":81,"column":16},"end":{"line":81,"column":22}},"22":{"start":{"line":94,"column":8},"end":{"line":94,"column":20}},"23":{"start":{"line":97,"column":8},"end":{"line":97,"column":23}},"24":{"start":{"line":76,"column":0},"end":{"line":76,"column":13}}},"fnMap":{"0":{"name":"(anonymous_0)","decl":{"start":{"line":20,"column":4},"end":{"line":20,"column":16}},"loc":{"start":{"line":20,"column":160},"end":{"line":31,"column":5}}},"1":{"name":"(anonymous_1)","decl":{"start":{"line":33,"column":4},"end":{"line":33,"column":15}},"loc":{"start":{"line":33,"column":15},"end":{"line":35,"column":5}}},"2":{"name":"(anonymous_2)","decl":{"start":{"line":39,"column":4},"end":{"line":39,"column":16}},"loc":{"start":{"line":39,"column":16},"end":{"line":41,"column":5}}},"3":{"name":"(anonymous_3)","decl":{"start":{"line":43,"column":4},"end":{"line":43,"column":13}},"loc":{"start":{"line":43,"column":13},"end":{"line":45,"column":5}}},"4":{"name":"(anonymous_4)","decl":{"start":{"line":47,"column":4},"end":{"line":47,"column":12}},"loc":{"start":{"line":47,"column":12},"end":{"line":49,"column":5}}},"5":{"name":"(anonymous_5)","decl":{"start":{"line":51,"column":4},"end":{"line":51,"column":13}},"loc":{"start":{"line":51,"column":13},"end":{"line":53,"column":5}}},"6":{"name":"(anonymous_6)","decl":{"start":{"line":55,"column":4},"end":{"line":55,"column":15}},"loc":{"start":{"line":55,"column":15},"end":{"line":57,"column":5}}},"7":{"name":"(anonymous_7)","decl":{"start":{"line":59,"column":4},"end":{"line":59,"column":16}},"loc":{"start":{"line":59,"column":16},"end":{"line":61,"column":5}}},"8":{"name":"(anonymous_8)","decl":{"start":{"line":63,"column":4},"end":{"line":63,"column":21}},"loc":{"start":{"line":63,"column":21},"end":{"line":65,"column":5}}},"9":{"name":"(anonymous_9)","decl":{"start":{"line":67,"column":4},"end":{"line":67,"column":16}},"loc":{"start":{"line":67,"column":16},"end":{"line":69,"column":5}}},"10":{"name":"(anonymous_10)","decl":{"start":{"line":77,"column":4},"end":{"line":77,"column":12}},"loc":{"start":{"line":77,"column":12},"end":{"line":79,"column":5}}},"11":{"name":"(anonymous_11)","decl":{"start":{"line":80,"column":4},"end":{"line":80,"column":null}},"loc":{"start":{"line":89,"column":25},"end":{"line":92,"column":5}}},"12":{"name":"(anonymous_12)","decl":{"start":{"line":93,"column":4},"end":{"line":93,"column":11}},"loc":{"start":{"line":93,"column":11},"end":{"line":95,"column":5}}},"13":{"name":"(anonymous_13)","decl":{"start":{"line":96,"column":4},"end":{"line":96,"column":9}},"loc":{"start":{"line":96,"column":9},"end":{"line":98,"column":5}}}},"branchMap":{},"s":{"0":2,"1":2,"2":2,"3":2,"4":2,"5":2,"6":2,"7":2,"8":2,"9":0,"10":5,"11":5,"12":5,"13":5,"14":5,"15":5,"16":5,"17":5,"18":2,"19":0,"20":2,"21":2,"22":0,"23":7,"24":2},"f":{"0":2,"1":0,"2":5,"3":5,"4":5,"5":5,"6":5,"7":5,"8":5,"9":5,"10":0,"11":2,"12":0,"13":7},"b":{}}
,"C:\\Users\\User\\Downloads\\SE2-Assignments-Assignment1\\SE2-Assignments-Assignment1\\src\\model\\Cake.model.ts": {"path":"C:\\Users\\User\\Downloads\\SE2-Assignments-Assignment1\\SE2-Assignments-Assignment1\\src\\model\\Cake.model.ts","statementMap":{"0":{"start":{"line":2,"column":0},"end":{"line":2,"column":65}},"1":{"start":{"line":28,"column":8},"end":{"line":28,"column":25}},"2":{"start":{"line":29,"column":8},"end":{"line":29,"column":29}},"3":{"start":{"line":30,"column":8},"end":{"line":30,"column":31}},"4":{"start":{"line":31,"column":8},"end":{"line":31,"column":25}},"5":{"start":{"line":32,"column":8},"end":{"line":32,"column":29}},"6":{"start":{"line":33,"column":8},"end":{"line":33,"column":41}},"7":{"start":{"line":34,"column":8},"end":{"line":34,"column":45}},"8":{"start":{"line":35,"column":8},"end":{"line":35,"column":45}},"9":{"start":{"line":36,"column":8},"end":{"line":36,"column":47}},"10":{"start":{"line":37,"column":8},"end":{"line":37,"column":43}},"11":{"start":{"line":38,"column":8},"end":{"line":38,"column":27}},"12":{"start":{"line":39,"column":8},"end":{"line":39,"column":35}},"13":{"start":{"line":40,"column":8},"end":{"line":40,"column":53}},"14":{"start":{"line":41,"column":8},"end":{"line":41,"column":43}},"15":{"start":{"line":63,"column":8},"end":{"line":63,"column":33}},"16":{"start":{"line":69,"column":8},"end":{"line":69,"column":25}},"17":{"start":{"line":73,"column":8},"end":{"line":73,"column":27}},"18":{"start":{"line":77,"column":8},"end":{"line":77,"column":28}},"19":{"start":{"line":81,"column":8},"end":{"line":81,"column":25}},"20":{"start":{"line":85,"column":8},"end":{"line":85,"column":27}},"21":{"start":{"line":89,"column":8},"end":{"line":89,"column":33}},"22":{"start":{"line":93,"column":8},"end":{"line":93,"column":35}},"23":{"start":{"line":98,"column":8},"end":{"line":98,"column":35}},"24":{"start":{"line":102,"column":8},"end":{"line":102,"column":36}},"25":{"start":{"line":106,"column":8},"end":{"line":106,"column":34}},"26":{"start":{"line":110,"column":8},"end":{"line":110,"column":26}},"27":{"start":{"line":114,"column":8},"end":{"line":114,"column":30}},"28":{"start":{"line":118,"column":8},"end":{"line":118,"column":39}},"29":{"start":{"line":122,"column":8},"end":{"line":122,"column":34}},"30":{"start":{"line":7,"column":0},"end":{"line":7,"column":13}},"31":{"start":{"line":146,"column":8},"end":{"line":162,"column":10}},"32":{"start":{"line":130,"column":16},"end":{"line":130,"column":22}},"33":{"start":{"line":165,"column":8},"end":{"line":165,"column":20}},"34":{"start":{"line":172,"column":8},"end":{"line":172,"column":23}},"35":{"start":{"line":128,"column":0},"end":{"line":128,"column":13}}},"fnMap":{"0":{"name":"(anonymous_0)","decl":{"start":{"line":9,"column":4},"end":{"line":9,"column":null}},"loc":{"start":{"line":24,"column":29},"end":{"line":43,"column":5}}},"1":{"name":"(anonymous_1)","decl":{"start":{"line":62,"column":4},"end":{"line":62,"column":15}},"loc":{"start":{"line":62,"column":15},"end":{"line":64,"column":5}}},"2":{"name":"(anonymous_2)","decl":{"start":{"line":68,"column":4},"end":{"line":68,"column":11}},"loc":{"start":{"line":68,"column":11},"end":{"line":70,"column":5}}},"3":{"name":"(anonymous_3)","decl":{"start":{"line":72,"column":4},"end":{"line":72,"column":13}},"loc":{"start":{"line":72,"column":13},"end":{"line":74,"column":5}}},"4":{"name":"(anonymous_4)","decl":{"start":{"line":76,"column":4},"end":{"line":76,"column":14}},"loc":{"start":{"line":76,"column":14},"end":{"line":78,"column":5}}},"5":{"name":"(anonymous_5)","decl":{"start":{"line":80,"column":4},"end":{"line":80,"column":11}},"loc":{"start":{"line":80,"column":11},"end":{"line":82,"column":5}}},"6":{"name":"(anonymous_6)","decl":{"start":{"line":84,"column":4},"end":{"line":84,"column":13}},"loc":{"start":{"line":84,"column":13},"end":{"line":86,"column":5}}},"7":{"name":"(anonymous_7)","decl":{"start":{"line":88,"column":4},"end":{"line":88,"column":19}},"loc":{"start":{"line":88,"column":19},"end":{"line":90,"column":5}}},"8":{"name":"(anonymous_8)","decl":{"start":{"line":92,"column":4},"end":{"line":92,"column":21}},"loc":{"start":{"line":92,"column":21},"end":{"line":94,"column":5}}},"9":{"name":"(anonymous_9)","decl":{"start":{"line":97,"column":4},"end":{"line":97,"column":21}},"loc":{"start":{"line":97,"column":21},"end":{"line":99,"column":5}}},"10":{"name":"(anonymous_10)","decl":{"start":{"line":101,"column":4},"end":{"line":101,"column":22}},"loc":{"start":{"line":101,"column":22},"end":{"line":103,"column":5}}},"11":{"name":"(anonymous_11)","decl":{"start":{"line":105,"column":4},"end":{"line":105,"column":20}},"loc":{"start":{"line":105,"column":20},"end":{"line":107,"column":5}}},"12":{"name":"(anonymous_12)","decl":{"start":{"line":109,"column":4},"end":{"line":109,"column":12}},"loc":{"start":{"line":109,"column":12},"end":{"line":111,"column":5}}},"13":{"name":"(anonymous_13)","decl":{"start":{"line":113,"column":4},"end":{"line":113,"column":16}},"loc":{"start":{"line":113,"column":16},"end":{"line":115,"column":5}}},"14":{"name":"(anonymous_14)","decl":{"start":{"line":117,"column":4},"end":{"line":117,"column":25}},"loc":{"start":{"line":117,"column":25},"end":{"line":119,"column":5}}},"15":{"name":"(anonymous_15)","decl":{"start":{"line":121,"column":4},"end":{"line":121,"column":20}},"loc":{"start":{"line":121,"column":20},"end":{"line":123,"column":5}}},"16":{"name":"(anonymous_16)","decl":{"start":{"line":129,"column":4},"end":{"line":129,"column":null}},"loc":{"start":{"line":144,"column":29},"end":{"line":163,"column":5}}},"17":{"name":"(anonymous_17)","decl":{"start":{"line":164,"column":4},"end":{"line":164,"column":11}},"loc":{"start":{"line":164,"column":11},"end":{"line":166,"column":5}}},"18":{"name":"(anonymous_18)","decl":{"start":{"line":171,"column":4},"end":{"line":171,"column":9}},"loc":{"start":{"line":171,"column":9},"end":{"line":173,"column":5}}}},"branchMap":{},"s":{"0":1,"1":8,"2":8,"3":8,"4":8,"5":8,"6":8,"7":8,"8":8,"9":8,"10":8,"11":8,"12":8,"13":8,"14":8,"15":0,"16":5,"17":5,"18":5,"19":5,"20":5,"21":5,"22":5,"23":5,"24":5,"25":5,"26":5,"27":5,"28":5,"29":5,"30":1,"31":5,"32":5,"33":0,"34":12,"35":1},"f":{"0":8,"1":0,"2":5,"3":5,"4":5,"5":5,"6":5,"7":5,"8":5,"9":5,"10":5,"11":5,"12":5,"13":5,"14":5,"15":5,"16":5,"17":0,"18":12},"b":{}}
,"C:\\Users\\User\\Downloads\\SE2-Assignments-Assignment1\\SE2-Assignments-Assignment1\\src\\model\\IItem.ts": {"path":"C:\\Users\\User\\Downloads\\SE2-Assignments-Assignment1\\SE2-Assignments-Assignment1\\src\\model\\IItem.ts","statementMap":{"0":{"start":{"line":10,"column":0},"end":{"line":10,"column":null}},"1":{"start":{"line":11,"column":4},"end":{"line":11,"column":null}},"2":{"start":{"line":12,"column":4},"end":{"line":12,"column":null}},"3":{"start":{"line":13,"column":4},"end":{"line":13,"column":null}}},"fnMap":{"0":{"name":"(anonymous_0)","decl":{"start":{"line":10,"column":0},"end":{"line":10,"column":12}},"loc":{"start":{"line":10,"column":24},"end":{"line":14,"column":1}}}},"branchMap":{"0":{"loc":{"start":{"line":10,"column":12},"end":{"line":10,"column":null}},"type":"binary-expr","locations":[{"start":{"line":10,"column":12},"end":{"line":10,"column":24}},{"start":{"line":10,"column":24},"end":{"line":10,"column":null}}]}},"s":{"0":3,"1":3,"2":3,"3":3},"f":{"0":3},"b":{"0":[3,3]}}
,"C:\\Users\\User\\Downloads\\SE2-Assignments-Assignment1\\SE2-Assignments-Assignment1\\src\\model\\Toy.models.ts": {"path":"C:\\Users\\User\\Downloads\\SE2-Assignments-Assignment1\\SE2-Assignments-Assignment1\\src\\model\\Toy.models.ts","statementMap":{"0":{"start":{"line":2,"column":0},"end":{"line":2,"column":65}},"1":{"start":{"line":20,"column":8},"end":{"line":20,"column":25}},"2":{"start":{"line":21,"column":8},"end":{"line":21,"column":33}},"3":{"start":{"line":22,"column":8},"end":{"line":22,"column":27}},"4":{"start":{"line":23,"column":8},"end":{"line":23,"column":33}},"5":{"start":{"line":24,"column":8},"end":{"line":24,"column":47}},"6":{"start":{"line":25,"column":8},"end":{"line":25,"column":39}},"7":{"start":{"line":26,"column":8},"end":{"line":26,"column":27}},"8":{"start":{"line":27,"column":8},"end":{"line":27,"column":33}},"9":{"start":{"line":30,"column":8},"end":{"line":30,"column":32}},"10":{"start":{"line":34,"column":8},"end":{"line":34,"column":25}},"11":{"start":{"line":37,"column":8},"end":{"line":37,"column":29}},"12":{"start":{"line":40,"column":8},"end":{"line":40,"column":26}},"13":{"start":{"line":43,"column":8},"end":{"line":43,"column":29}},"14":{"start":{"line":46,"column":8},"end":{"line":46,"column":36}},"15":{"start":{"line":49,"column":8},"end":{"line":49,"column":32}},"16":{"start":{"line":52,"column":8},"end":{"line":52,"column":26}},"17":{"start":{"line":55,"column":8},"end":{"line":55,"column":29}},"18":{"start":{"line":6,"column":0},"end":{"line":6,"column":13}},"19":{"start":{"line":61,"column":8},"end":{"line":61,"column":95}},"20":{"start":{"line":60,"column":24},"end":{"line":60,"column":29}},"21":{"start":{"line":67,"column":8},"end":{"line":67,"column":20}},"22":{"start":{"line":70,"column":8},"end":{"line":70,"column":23}},"23":{"start":{"line":59,"column":0},"end":{"line":59,"column":13}}},"fnMap":{"0":{"name":"(anonymous_0)","decl":{"start":{"line":18,"column":4},"end":{"line":18,"column":16}},"loc":{"start":{"line":18,"column":160},"end":{"line":28,"column":5}}},"1":{"name":"(anonymous_1)","decl":{"start":{"line":29,"column":4},"end":{"line":29,"column":15}},"loc":{"start":{"line":29,"column":15},"end":{"line":31,"column":5}}},"2":{"name":"(anonymous_2)","decl":{"start":{"line":33,"column":4},"end":{"line":33,"column":11}},"loc":{"start":{"line":33,"column":11},"end":{"line":35,"column":5}}},"3":{"name":"(anonymous_3)","decl":{"start":{"line":36,"column":4},"end":{"line":36,"column":15}},"loc":{"start":{"line":36,"column":15},"end":{"line":38,"column":5}}},"4":{"name":"(anonymous_4)","decl":{"start":{"line":39,"column":4},"end":{"line":39,"column":12}},"loc":{"start":{"line":39,"column":12},"end":{"line":41,"column":5}}},"5":{"name":"(anonymous_5)","decl":{"start":{"line":42,"column":4},"end":{"line":42,"column":15}},"loc":{"start":{"line":42,"column":15},"end":{"line":44,"column":5}}},"6":{"name":"(anonymous_6)","decl":{"start":{"line":45,"column":4},"end":{"line":45,"column":22}},"loc":{"start":{"line":45,"column":22},"end":{"line":47,"column":5}}},"7":{"name":"(anonymous_7)","decl":{"start":{"line":48,"column":4},"end":{"line":48,"column":18}},"loc":{"start":{"line":48,"column":18},"end":{"line":50,"column":5}}},"8":{"name":"(anonymous_8)","decl":{"start":{"line":51,"column":4},"end":{"line":51,"column":12}},"loc":{"start":{"line":51,"column":12},"end":{"line":53,"column":5}}},"9":{"name":"(anonymous_9)","decl":{"start":{"line":54,"column":4},"end":{"line":54,"column":15}},"loc":{"start":{"line":54,"column":15},"end":{"line":56,"column":5}}},"10":{"name":"(anonymous_10)","decl":{"start":{"line":60,"column":4},"end":{"line":60,"column":24}},"loc":{"start":{"line":60,"column":174},"end":{"line":62,"column":5}}},"11":{"name":"(anonymous_11)","decl":{"start":{"line":66,"column":4},"end":{"line":66,"column":11}},"loc":{"start":{"line":66,"column":11},"end":{"line":68,"column":5}}},"12":{"name":"(anonymous_12)","decl":{"start":{"line":69,"column":4},"end":{"line":69,"column":9}},"loc":{"start":{"line":69,"column":9},"end":{"line":71,"column":5}}}},"branchMap":{},"s":{"0":1,"1":2,"2":2,"3":2,"4":2,"5":2,"6":2,"7":2,"8":2,"9":0,"10":3,"11":5,"12":5,"13":5,"14":5,"15":5,"16":5,"17":5,"18":1,"19":2,"20":2,"21":0,"22":7,"23":1},"f":{"0":2,"1":0,"2":3,"3":5,"4":5,"5":5,"6":5,"7":5,"8":5,"9":5,"10":2,"11":0,"12":7},"b":{}}
,"C:\\Users\\User\\Downloads\\SE2-Assignments-Assignment1\\SE2-Assignments-Assignment1\\src\\model\\Builder\\book.builder.ts": {"path":"C:\\Users\\User\\Downloads\\SE2-Assignments-Assignment1\\SE2-Assignments-Assignment1\\src\\model\\Builder\\book.builder.ts","statementMap":{"0":{"start":{"line":2,"column":0},"end":{"line":2,"column":53}},"1":{"start":{"line":6,"column":6},"end":{"line":6,"column":49}},"2":{"start":{"line":21,"column":8},"end":{"line":21,"column":33}},"3":{"start":{"line":26,"column":8},"end":{"line":26,"column":35}},"4":{"start":{"line":27,"column":8},"end":{"line":27,"column":20}},"5":{"start":{"line":31,"column":8},"end":{"line":31,"column":29}},"6":{"start":{"line":32,"column":8},"end":{"line":32,"column":20}},"7":{"start":{"line":36,"column":8},"end":{"line":36,"column":27}},"8":{"start":{"line":37,"column":8},"end":{"line":37,"column":20}},"9":{"start":{"line":41,"column":8},"end":{"line":41,"column":29}},"10":{"start":{"line":42,"column":8},"end":{"line":42,"column":20}},"11":{"start":{"line":46,"column":8},"end":{"line":46,"column":33}},"12":{"start":{"line":47,"column":8},"end":{"line":47,"column":20}},"13":{"start":{"line":51,"column":8},"end":{"line":51,"column":35}},"14":{"start":{"line":52,"column":8},"end":{"line":52,"column":20}},"15":{"start":{"line":56,"column":8},"end":{"line":56,"column":45}},"16":{"start":{"line":57,"column":8},"end":{"line":57,"column":20}},"17":{"start":{"line":61,"column":8},"end":{"line":61,"column":35}},"18":{"start":{"line":62,"column":8},"end":{"line":62,"column":20}},"19":{"start":{"line":68,"column":22},"end":{"line":79,"column":null}},"20":{"start":{"line":80,"column":10},"end":{"line":84,"column":9}},"21":{"start":{"line":81,"column":12},"end":{"line":83,"column":13}},"22":{"start":{"line":82,"column":16},"end":{"line":82,"column":66}},"23":{"start":{"line":85,"column":7},"end":{"line":96,"column":9}},"24":{"start":{"line":4,"column":0},"end":{"line":4,"column":13}},"25":{"start":{"line":107,"column":8},"end":{"line":107,"column":45}},"26":{"start":{"line":111,"column":8},"end":{"line":111,"column":21}},"27":{"start":{"line":112,"column":8},"end":{"line":112,"column":20}},"28":{"start":{"line":115,"column":8},"end":{"line":115,"column":25}},"29":{"start":{"line":116,"column":8},"end":{"line":116,"column":20}},"30":{"start":{"line":119,"column":8},"end":{"line":121,"column":9}},"31":{"start":{"line":120,"column":12},"end":{"line":120,"column":64}},"32":{"start":{"line":122,"column":8},"end":{"line":133,"column":10}},"33":{"start":{"line":100,"column":0},"end":{"line":100,"column":13}}},"fnMap":{"0":{"name":"(anonymous_0)","decl":{"start":{"line":5,"column":4},"end":{"line":5,"column":22}},"loc":{"start":{"line":5,"column":33},"end":{"line":7,"column":5}}},"1":{"name":"(anonymous_1)","decl":{"start":{"line":20,"column":11},"end":{"line":20,"column":17}},"loc":{"start":{"line":20,"column":28},"end":{"line":22,"column":5}}},"2":{"name":"(anonymous_2)","decl":{"start":{"line":25,"column":4},"end":{"line":25,"column":16}},"loc":{"start":{"line":25,"column":34},"end":{"line":28,"column":5}}},"3":{"name":"(anonymous_3)","decl":{"start":{"line":30,"column":4},"end":{"line":30,"column":13}},"loc":{"start":{"line":30,"column":28},"end":{"line":33,"column":5}}},"4":{"name":"(anonymous_4)","decl":{"start":{"line":35,"column":4},"end":{"line":35,"column":12}},"loc":{"start":{"line":35,"column":26},"end":{"line":38,"column":5}}},"5":{"name":"(anonymous_5)","decl":{"start":{"line":40,"column":4},"end":{"line":40,"column":13}},"loc":{"start":{"line":40,"column":28},"end":{"line":43,"column":5}}},"6":{"name":"(anonymous_6)","decl":{"start":{"line":45,"column":4},"end":{"line":45,"column":15}},"loc":{"start":{"line":45,"column":32},"end":{"line":48,"column":5}}},"7":{"name":"(anonymous_7)","decl":{"start":{"line":50,"column":4},"end":{"line":50,"column":16}},"loc":{"start":{"line":50,"column":34},"end":{"line":53,"column":5}}},"8":{"name":"(anonymous_8)","decl":{"start":{"line":55,"column":4},"end":{"line":55,"column":21}},"loc":{"start":{"line":55,"column":44},"end":{"line":58,"column":5}}},"9":{"name":"(anonymous_9)","decl":{"start":{"line":60,"column":4},"end":{"line":60,"column":16}},"loc":{"start":{"line":60,"column":34},"end":{"line":63,"column":5}}},"10":{"name":"(anonymous_10)","decl":{"start":{"line":67,"column":4},"end":{"line":67,"column":9}},"loc":{"start":{"line":67,"column":9},"end":{"line":98,"column":5}}},"11":{"name":"(anonymous_11)","decl":{"start":{"line":106,"column":4},"end":{"line":106,"column":10}},"loc":{"start":{"line":106,"column":21},"end":{"line":108,"column":5}}},"12":{"name":"(anonymous_12)","decl":{"start":{"line":110,"column":4},"end":{"line":110,"column":9}},"loc":{"start":{"line":110,"column":15},"end":{"line":113,"column":5}}},"13":{"name":"(anonymous_13)","decl":{"start":{"line":114,"column":4},"end":{"line":114,"column":11}},"loc":{"start":{"line":114,"column":22},"end":{"line":117,"column":5}}},"14":{"name":"(anonymous_14)","decl":{"start":{"line":118,"column":4},"end":{"line":118,"column":9}},"loc":{"start":{"line":118,"column":9},"end":{"line":134,"column":5}}}},"branchMap":{"0":{"loc":{"start":{"line":81,"column":12},"end":{"line":83,"column":13}},"type":"if","locations":[{"start":{"line":81,"column":12},"end":{"line":83,"column":13}},{"start":{},"end":{}}]},"1":{"loc":{"start":{"line":81,"column":16},"end":{"line":81,"column":51}},"type":"binary-expr","locations":[{"start":{"line":81,"column":16},"end":{"line":81,"column":34}},{"start":{"line":81,"column":38},"end":{"line":81,"column":51}}]},"2":{"loc":{"start":{"line":119,"column":8},"end":{"line":121,"column":9}},"type":"if","locations":[{"start":{"line":119,"column":8},"end":{"line":121,"column":9}},{"start":{},"end":{}}]},"3":{"loc":{"start":{"line":119,"column":11},"end":{"line":119,"column":33}},"type":"binary-expr","locations":[{"start":{"line":119,"column":11},"end":{"line":119,"column":21}},{"start":{"line":119,"column":25},"end":{"line":119,"column":33}}]}},"s":{"0":1,"1":0,"2":0,"3":0,"4":0,"5":0,"6":0,"7":0,"8":0,"9":0,"10":0,"11":0,"12":0,"13":0,"14":0,"15":0,"16":0,"17":0,"18":0,"19":0,"20":0,"21":0,"22":0,"23":0,"24":1,"25":0,"26":0,"27":0,"28":0,"29":0,"30":0,"31":0,"32":0,"33":1},"f":{"0":0,"1":0,"2":0,"3":0,"4":0,"5":0,"6":0,"7":0,"8":0,"9":0,"10":0,"11":0,"12":0,"13":0,"14":0},"b":{"0":[0,0],"1":[0,0],"2":[0,0],"3":[0,0]}}
,"C:\\Users\\User\\Downloads\\SE2-Assignments-Assignment1\\SE2-Assignments-Assignment1\\src\\model\\Builder\\cake.builder.ts": {"path":"C:\\Users\\User\\Downloads\\SE2-Assignments-Assignment1\\SE2-Assignments-Assignment1\\src\\model\\Builder\\cake.builder.ts","statementMap":{"0":{"start":{"line":1,"column":0},"end":{"line":1,"column":39}},"1":{"start":{"line":2,"column":0},"end":{"line":2,"column":55}},"2":{"start":{"line":24,"column":8},"end":{"line":24,"column":33}},"3":{"start":{"line":28,"column":8},"end":{"line":28,"column":25}},"4":{"start":{"line":29,"column":8},"end":{"line":29,"column":20}},"5":{"start":{"line":32,"column":8},"end":{"line":32,"column":29}},"6":{"start":{"line":33,"column":8},"end":{"line":33,"column":20}},"7":{"start":{"line":36,"column":8},"end":{"line":36,"column":31}},"8":{"start":{"line":37,"column":8},"end":{"line":37,"column":20}},"9":{"start":{"line":40,"column":8},"end":{"line":40,"column":25}},"10":{"start":{"line":41,"column":8},"end":{"line":41,"column":20}},"11":{"start":{"line":44,"column":8},"end":{"line":44,"column":29}},"12":{"start":{"line":45,"column":8},"end":{"line":45,"column":20}},"13":{"start":{"line":48,"column":8},"end":{"line":48,"column":41}},"14":{"start":{"line":49,"column":8},"end":{"line":49,"column":20}},"15":{"start":{"line":52,"column":8},"end":{"line":52,"column":45}},"16":{"start":{"line":53,"column":8},"end":{"line":53,"column":20}},"17":{"start":{"line":56,"column":8},"end":{"line":56,"column":45}},"18":{"start":{"line":57,"column":8},"end":{"line":57,"column":20}},"19":{"start":{"line":60,"column":8},"end":{"line":60,"column":47}},"20":{"start":{"line":61,"column":8},"end":{"line":61,"column":20}},"21":{"start":{"line":64,"column":8},"end":{"line":64,"column":43}},"22":{"start":{"line":65,"column":8},"end":{"line":65,"column":20}},"23":{"start":{"line":68,"column":8},"end":{"line":68,"column":27}},"24":{"start":{"line":69,"column":8},"end":{"line":69,"column":20}},"25":{"start":{"line":72,"column":8},"end":{"line":72,"column":35}},"26":{"start":{"line":73,"column":8},"end":{"line":73,"column":20}},"27":{"start":{"line":76,"column":8},"end":{"line":76,"column":53}},"28":{"start":{"line":77,"column":8},"end":{"line":77,"column":20}},"29":{"start":{"line":80,"column":8},"end":{"line":80,"column":43}},"30":{"start":{"line":81,"column":8},"end":{"line":81,"column":20}},"31":{"start":{"line":86,"column":25},"end":{"line":100,"column":10}},"32":{"start":{"line":101,"column":8},"end":{"line":105,"column":9}},"33":{"start":{"line":102,"column":12},"end":{"line":104,"column":13}},"34":{"start":{"line":103,"column":16},"end":{"line":103,"column":66}},"35":{"start":{"line":106,"column":8},"end":{"line":123,"column":10}},"36":{"start":{"line":4,"column":0},"end":{"line":4,"column":13}},"37":{"start":{"line":135,"column":8},"end":{"line":135,"column":45}},"38":{"start":{"line":140,"column":7},"end":{"line":140,"column":24}},"39":{"start":{"line":141,"column":6},"end":{"line":141,"column":18}},"40":{"start":{"line":145,"column":8},"end":{"line":145,"column":19}},"41":{"start":{"line":146,"column":8},"end":{"line":146,"column":20}},"42":{"start":{"line":151,"column":4},"end":{"line":154,"column":5}},"43":{"start":{"line":152,"column":8},"end":{"line":152,"column":52}},"44":{"start":{"line":153,"column":8},"end":{"line":153,"column":55}},"45":{"start":{"line":155,"column":4},"end":{"line":171,"column":6}},"46":{"start":{"line":128,"column":0},"end":{"line":128,"column":13}}},"fnMap":{"0":{"name":"(anonymous_1)","decl":{"start":{"line":23,"column":11},"end":{"line":23,"column":17}},"loc":{"start":{"line":23,"column":28},"end":{"line":25,"column":5}}},"1":{"name":"(anonymous_2)","decl":{"start":{"line":27,"column":4},"end":{"line":27,"column":11}},"loc":{"start":{"line":27,"column":24},"end":{"line":30,"column":5}}},"2":{"name":"(anonymous_3)","decl":{"start":{"line":31,"column":4},"end":{"line":31,"column":13}},"loc":{"start":{"line":31,"column":28},"end":{"line":34,"column":5}}},"3":{"name":"(anonymous_4)","decl":{"start":{"line":35,"column":4},"end":{"line":35,"column":14}},"loc":{"start":{"line":35,"column":30},"end":{"line":38,"column":5}}},"4":{"name":"(anonymous_5)","decl":{"start":{"line":39,"column":4},"end":{"line":39,"column":11}},"loc":{"start":{"line":39,"column":24},"end":{"line":42,"column":5}}},"5":{"name":"(anonymous_6)","decl":{"start":{"line":43,"column":4},"end":{"line":43,"column":13}},"loc":{"start":{"line":43,"column":28},"end":{"line":46,"column":5}}},"6":{"name":"(anonymous_7)","decl":{"start":{"line":47,"column":4},"end":{"line":47,"column":19}},"loc":{"start":{"line":47,"column":40},"end":{"line":50,"column":5}}},"7":{"name":"(anonymous_8)","decl":{"start":{"line":51,"column":4},"end":{"line":51,"column":21}},"loc":{"start":{"line":51,"column":44},"end":{"line":54,"column":5}}},"8":{"name":"(anonymous_9)","decl":{"start":{"line":55,"column":4},"end":{"line":55,"column":21}},"loc":{"start":{"line":55,"column":44},"end":{"line":58,"column":5}}},"9":{"name":"(anonymous_10)","decl":{"start":{"line":59,"column":4},"end":{"line":59,"column":22}},"loc":{"start":{"line":59,"column":46},"end":{"line":62,"column":5}}},"10":{"name":"(anonymous_11)","decl":{"start":{"line":63,"column":4},"end":{"line":63,"column":20}},"loc":{"start":{"line":63,"column":42},"end":{"line":66,"column":5}}},"11":{"name":"(anonymous_12)","decl":{"start":{"line":67,"column":4},"end":{"line":67,"column":12}},"loc":{"start":{"line":67,"column":26},"end":{"line":70,"column":5}}},"12":{"name":"(anonymous_13)","decl":{"start":{"line":71,"column":4},"end":{"line":71,"column":16}},"loc":{"start":{"line":71,"column":34},"end":{"line":74,"column":5}}},"13":{"name":"(anonymous_14)","decl":{"start":{"line":75,"column":4},"end":{"line":75,"column":25}},"loc":{"start":{"line":75,"column":52},"end":{"line":78,"column":5}}},"14":{"name":"(anonymous_15)","decl":{"start":{"line":79,"column":4},"end":{"line":79,"column":20}},"loc":{"start":{"line":79,"column":42},"end":{"line":82,"column":5}}},"15":{"name":"(anonymous_16)","decl":{"start":{"line":85,"column":4},"end":{"line":85,"column":9}},"loc":{"start":{"line":85,"column":9},"end":{"line":124,"column":5}}},"16":{"name":"(anonymous_17)","decl":{"start":{"line":134,"column":5},"end":{"line":134,"column":11}},"loc":{"start":{"line":134,"column":22},"end":{"line":136,"column":5}}},"17":{"name":"(anonymous_18)","decl":{"start":{"line":138,"column":3},"end":{"line":138,"column":10}},"loc":{"start":{"line":138,"column":21},"end":{"line":143,"column":4}}},"18":{"name":"(anonymous_19)","decl":{"start":{"line":144,"column":5},"end":{"line":144,"column":10}},"loc":{"start":{"line":144,"column":21},"end":{"line":148,"column":5}}},"19":{"name":"(anonymous_20)","decl":{"start":{"line":150,"column":3},"end":{"line":150,"column":8}},"loc":{"start":{"line":150,"column":8},"end":{"line":174,"column":1}}}},"branchMap":{"0":{"loc":{"start":{"line":102,"column":12},"end":{"line":104,"column":13}},"type":"if","locations":[{"start":{"line":102,"column":12},"end":{"line":104,"column":13}},{"start":{},"end":{}}]},"1":{"loc":{"start":{"line":102,"column":16},"end":{"line":102,"column":51}},"type":"binary-expr","locations":[{"start":{"line":102,"column":16},"end":{"line":102,"column":34}},{"start":{"line":102,"column":38},"end":{"line":102,"column":51}}]},"2":{"loc":{"start":{"line":151,"column":4},"end":{"line":154,"column":5}},"type":"if","locations":[{"start":{"line":151,"column":4},"end":{"line":154,"column":5}},{"start":{},"end":{}}]},"3":{"loc":{"start":{"line":151,"column":7},"end":{"line":151,"column":29}},"type":"binary-expr","locations":[{"start":{"line":151,"column":7},"end":{"line":151,"column":15}},{"start":{"line":151,"column":19},"end":{"line":151,"column":29}}]}},"s":{"0":1,"1":1,"2":3,"3":3,"4":3,"5":3,"6":3,"7":3,"8":3,"9":3,"10":3,"11":3,"12":3,"13":3,"14":3,"15":3,"16":3,"17":3,"18":3,"19":3,"20":3,"21":3,"22":3,"23":3,"24":3,"25":3,"26":3,"27":3,"28":3,"29":3,"30":3,"31":3,"32":3,"33":33,"34":0,"35":3,"36":1,"37":3,"38":3,"39":3,"40":3,"41":3,"42":3,"43":0,"44":0,"45":3,"46":1},"f":{"0":3,"1":3,"2":3,"3":3,"4":3,"5":3,"6":3,"7":3,"8":3,"9":3,"10":3,"11":3,"12":3,"13":3,"14":3,"15":3,"16":3,"17":3,"18":3,"19":3},"b":{"0":[0,33],"1":[33,33],"2":[0,3],"3":[3,3]}}
,"C:\\Users\\User\\Downloads\\SE2-Assignments-Assignment1\\SE2-Assignments-Assignment1\\src\\parsers\\csvParser.ts": {"path":"C:\\Users\\User\\Downloads\\SE2-Assignments-Assignment1\\SE2-Assignments-Assignment1\\src\\parsers\\csvParser.ts","statementMap":{"0":{"start":{"line":1,"column":0},"end":{"line":1,"column":20}},"1":{"start":{"line":2,"column":0},"end":{"line":2,"column":24}},"2":{"start":{"line":3,"column":0},"end":{"line":3,"column":36}},"3":{"start":{"line":6,"column":23},"end":{"line":6,"column":62}},"4":{"start":{"line":8,"column":27},"end":{"line":35,"column":1}},"5":{"start":{"line":9,"column":4},"end":{"line":33,"column":7}},"6":{"start":{"line":10,"column":36},"end":{"line":10,"column":38}},"7":{"start":{"line":12,"column":8},"end":{"line":16,"column":9}},"8":{"start":{"line":13,"column":24},"end":{"line":13,"column":76}},"9":{"start":{"line":14,"column":12},"end":{"line":14,"column":38}},"10":{"start":{"line":15,"column":12},"end":{"line":15,"column":31}},"11":{"start":{"line":18,"column":27},"end":{"line":18,"column":79}},"12":{"start":{"line":20,"column":8},"end":{"line":26,"column":11}},"13":{"start":{"line":21,"column":26},"end":{"line":21,"column":89}},"14":{"start":{"line":21,"column":70},"end":{"line":21,"column":88}},"15":{"start":{"line":22,"column":12},"end":{"line":25,"column":15}},"16":{"start":{"line":23,"column":32},"end":{"line":23,"column":100}},"17":{"start":{"line":23,"column":61},"end":{"line":23,"column":99}},"18":{"start":{"line":24,"column":16},"end":{"line":24,"column":38}},"19":{"start":{"line":28,"column":8},"end":{"line":28,"column":53}},"20":{"start":{"line":28,"column":35},"end":{"line":28,"column":51}},"21":{"start":{"line":29,"column":8},"end":{"line":32,"column":11}},"22":{"start":{"line":30,"column":12},"end":{"line":30,"column":81}},"23":{"start":{"line":31,"column":12},"end":{"line":31,"column":26}},"24":{"start":{"line":8,"column":13},"end":{"line":8,"column":27}},"25":{"start":{"line":36,"column":28},"end":{"line":67,"column":1}},"26":{"start":{"line":37,"column":4},"end":{"line":66,"column":11}},"27":{"start":{"line":38,"column":8},"end":{"line":65,"column":13}},"28":{"start":{"line":40,"column":31},"end":{"line":45,"column":28}},"29":{"start":{"line":41,"column":16},"end":{"line":44,"column":31}},"30":{"start":{"line":43,"column":24},"end":{"line":43,"column":63}},"31":{"start":{"line":48,"column":36},"end":{"line":48,"column":66}},"32":{"start":{"line":50,"column":16},"end":{"line":50,"column":46}},"33":{"start":{"line":51,"column":16},"end":{"line":51,"column":34}},"34":{"start":{"line":53,"column":16},"end":{"line":56,"column":19}},"35":{"start":{"line":54,"column":20},"end":{"line":54,"column":80}},"36":{"start":{"line":55,"column":20},"end":{"line":55,"column":30}},"37":{"start":{"line":58,"column":16},"end":{"line":61,"column":19}},"38":{"start":{"line":59,"column":20},"end":{"line":59,"column":85}},"39":{"start":{"line":60,"column":20},"end":{"line":60,"column":34}},"40":{"start":{"line":63,"column":16},"end":{"line":63,"column":68}},"41":{"start":{"line":64,"column":16},"end":{"line":64,"column":30}},"42":{"start":{"line":36,"column":13},"end":{"line":36,"column":28}}},"fnMap":{"0":{"name":"(anonymous_1)","decl":{"start":{"line":8,"column":27},"end":{"line":8,"column":28}},"loc":{"start":{"line":8,"column":86},"end":{"line":35,"column":1}}},"1":{"name":"(anonymous_2)","decl":{"start":{"line":9,"column":23},"end":{"line":9,"column":24}},"loc":{"start":{"line":9,"column":43},"end":{"line":33,"column":5}}},"2":{"name":"(anonymous_3)","decl":{"start":{"line":20,"column":30},"end":{"line":20,"column":31}},"loc":{"start":{"line":20,"column":57},"end":{"line":26,"column":9}}},"3":{"name":"(anonymous_4)","decl":{"start":{"line":21,"column":62},"end":{"line":21,"column":66}},"loc":{"start":{"line":21,"column":70},"end":{"line":21,"column":88}}},"4":{"name":"(anonymous_5)","decl":{"start":{"line":22,"column":26},"end":{"line":22,"column":30}},"loc":{"start":{"line":22,"column":33},"end":{"line":25,"column":13}}},"5":{"name":"(anonymous_6)","decl":{"start":{"line":23,"column":52},"end":{"line":23,"column":57}},"loc":{"start":{"line":23,"column":61},"end":{"line":23,"column":99}}},"6":{"name":"(anonymous_7)","decl":{"start":{"line":28,"column":29},"end":{"line":28,"column":32}},"loc":{"start":{"line":28,"column":35},"end":{"line":28,"column":51}}},"7":{"name":"(anonymous_8)","decl":{"start":{"line":29,"column":31},"end":{"line":29,"column":36}},"loc":{"start":{"line":29,"column":39},"end":{"line":32,"column":9}}},"8":{"name":"(anonymous_9)","decl":{"start":{"line":36,"column":28},"end":{"line":36,"column":29}},"loc":{"start":{"line":36,"column":82},"end":{"line":67,"column":1}}},"9":{"name":"(anonymous_10)","decl":{"start":{"line":37,"column":23},"end":{"line":37,"column":24}},"loc":{"start":{"line":37,"column":43},"end":{"line":66,"column":9}}},"10":{"name":"(anonymous_11)","decl":{"start":{"line":40,"column":40},"end":{"line":40,"column":43}},"loc":{"start":{"line":41,"column":16},"end":{"line":44,"column":31}}},"11":{"name":"(anonymous_12)","decl":{"start":{"line":41,"column":24},"end":{"line":41,"column":28}},"loc":{"start":{"line":43,"column":24},"end":{"line":43,"column":63}}},"12":{"name":"(anonymous_13)","decl":{"start":{"line":53,"column":41},"end":{"line":53,"column":44}},"loc":{"start":{"line":53,"column":46},"end":{"line":56,"column":17}}},"13":{"name":"(anonymous_14)","decl":{"start":{"line":58,"column":40},"end":{"line":58,"column":41}},"loc":{"start":{"line":58,"column":50},"end":{"line":61,"column":17}}}},"branchMap":{"0":{"loc":{"start":{"line":8,"column":28},"end":{"line":8,"column":61}},"type":"default-arg","locations":[{"start":{"line":8,"column":47},"end":{"line":8,"column":61}}]},"1":{"loc":{"start":{"line":12,"column":8},"end":{"line":16,"column":9}},"type":"if","locations":[{"start":{"line":12,"column":8},"end":{"line":16,"column":9}},{"start":{},"end":{}}]},"2":{"loc":{"start":{"line":43,"column":24},"end":{"line":43,"column":63}},"type":"cond-expr","locations":[{"start":{"line":43,"column":45},"end":{"line":43,"column":56}},{"start":{"line":43,"column":59},"end":{"line":43,"column":63}}]}},"s":{"0":1,"1":1,"2":1,"3":1,"4":1,"5":3,"6":3,"7":3,"8":1,"9":1,"10":1,"11":2,"12":2,"13":2,"14":10,"15":2,"16":5,"17":13,"18":5,"19":2,"20":2,"21":2,"22":0,"23":0,"24":1,"25":1,"26":0,"27":0,"28":0,"29":0,"30":0,"31":0,"32":0,"33":0,"34":0,"35":0,"36":0,"37":0,"38":0,"39":0,"40":0,"41":0,"42":1},"f":{"0":3,"1":3,"2":2,"3":10,"4":5,"5":13,"6":2,"7":0,"8":0,"9":0,"10":0,"11":0,"12":0,"13":0},"b":{"0":[0],"1":[1,2],"2":[0,0]}}
,"C:\\Users\\User\\Downloads\\SE2-Assignments-Assignment1\\SE2-Assignments-Assignment1\\src\\parsers\\jsonParser.ts": {"path":"C:\\Users\\User\\Downloads\\SE2-Assignments-Assignment1\\SE2-Assignments-Assignment1\\src\\parsers\\jsonParser.ts","statementMap":{"0":{"start":{"line":1,"column":0},"end":{"line":1,"column":20}},"1":{"start":{"line":2,"column":0},"end":{"line":2,"column":36}},"2":{"start":{"line":4,"column":25},"end":{"line":28,"column":1}},"3":{"start":{"line":5,"column":2},"end":{"line":27,"column":5}},"4":{"start":{"line":6,"column":15},"end":{"line":6,"column":17}},"5":{"start":{"line":7,"column":23},"end":{"line":7,"column":75}},"6":{"start":{"line":9,"column":4},"end":{"line":11,"column":7}},"7":{"start":{"line":10,"column":6},"end":{"line":10,"column":74}},"8":{"start":{"line":13,"column":4},"end":{"line":21,"column":7}},"9":{"start":{"line":14,"column":6},"end":{"line":20,"column":7}},"10":{"start":{"line":15,"column":23},"end":{"line":15,"column":39}},"11":{"start":{"line":16,"column":8},"end":{"line":16,"column":24}},"12":{"start":{"line":18,"column":8},"end":{"line":18,"column":68}},"13":{"start":{"line":19,"column":8},"end":{"line":19,"column":20}},"14":{"start":{"line":23,"column":4},"end":{"line":26,"column":7}},"15":{"start":{"line":24,"column":6},"end":{"line":24,"column":63}},"16":{"start":{"line":25,"column":6},"end":{"line":25,"column":18}},"17":{"start":{"line":4,"column":13},"end":{"line":4,"column":25}}},"fnMap":{"0":{"name":"(anonymous_1)","decl":{"start":{"line":4,"column":25},"end":{"line":4,"column":26}},"loc":{"start":{"line":4,"column":60},"end":{"line":28,"column":1}}},"1":{"name":"(anonymous_2)","decl":{"start":{"line":5,"column":21},"end":{"line":5,"column":22}},"loc":{"start":{"line":5,"column":41},"end":{"line":27,"column":3}}},"2":{"name":"(anonymous_3)","decl":{"start":{"line":9,"column":26},"end":{"line":9,"column":27}},"loc":{"start":{"line":9,"column":53},"end":{"line":11,"column":5}}},"3":{"name":"(anonymous_4)","decl":{"start":{"line":13,"column":25},"end":{"line":13,"column":28}},"loc":{"start":{"line":13,"column":30},"end":{"line":21,"column":5}}},"4":{"name":"(anonymous_5)","decl":{"start":{"line":23,"column":27},"end":{"line":23,"column":28}},"loc":{"start":{"line":23,"column":35},"end":{"line":26,"column":5}}}},"branchMap":{"0":{"loc":{"start":{"line":10,"column":14},"end":{"line":10,"column":73}},"type":"cond-expr","locations":[{"start":{"line":10,"column":42},"end":{"line":10,"column":47}},{"start":{"line":10,"column":50},"end":{"line":10,"column":73}}]}},"s":{"0":1,"1":1,"2":1,"3":2,"4":2,"5":2,"6":2,"7":2,"8":2,"9":2,"10":2,"11":1,"12":1,"13":1,"14":2,"15":0,"16":0,"17":1},"f":{"0":2,"1":2,"2":2,"3":2,"4":0},"b":{"0":[2,0]}}
,"C:\\Users\\User\\Downloads\\SE2-Assignments-Assignment1\\SE2-Assignments-Assignment1\\src\\parsers\\xmlParser.ts": {"path":"C:\\Users\\User\\Downloads\\SE2-Assignments-Assignment1\\SE2-Assignments-Assignment1\\src\\parsers\\xmlParser.ts","statementMap":{"0":{"start":{"line":1,"column":0},"end":{"line":1,"column":20}},"1":{"start":{"line":2,"column":0},"end":{"line":2,"column":44}},"2":{"start":{"line":3,"column":0},"end":{"line":3,"column":36}},"3":{"start":{"line":5,"column":24},"end":{"line":14,"column":2}},"4":{"start":{"line":5,"column":65},"end":{"line":14,"column":2}},"5":{"start":{"line":6,"column":2},"end":{"line":13,"column":3}},"6":{"start":{"line":7,"column":17},"end":{"line":7,"column":62}},"7":{"start":{"line":8,"column":19},"end":{"line":8,"column":75}},"8":{"start":{"line":9,"column":4},"end":{"line":9,"column":18}},"9":{"start":{"line":11,"column":4},"end":{"line":11,"column":67}},"10":{"start":{"line":12,"column":4},"end":{"line":12,"column":16}},"11":{"start":{"line":5,"column":13},"end":{"line":5,"column":24}}},"fnMap":{"0":{"name":"(anonymous_8)","decl":{"start":{"line":5,"column":24},"end":{"line":5,"column":31}},"loc":{"start":{"line":5,"column":65},"end":{"line":14,"column":2}}},"1":{"name":"(anonymous_9)","decl":{"start":{"line":5,"column":65},"end":{"line":5,"column":null}},"loc":{"start":{"line":5,"column":65},"end":{"line":14,"column":1}}}},"branchMap":{},"s":{"0":1,"1":1,"2":1,"3":1,"4":1,"5":1,"6":1,"7":1,"8":1,"9":0,"10":0,"11":1},"f":{"0":1,"1":1},"b":{}}
,"C:\\Users\\User\\Downloads\\SE2-Assignments-Assignment1\\SE2-Assignments-Assignment1\\src\\repository\\Postgres\\Book.Order.repository.ts": {"path":"C:\\Users\\User\\Downloads\\SE2-Assignments-Assignment1\\SE2-Assignments-Assignment1\\src\\repository\\Postgres\\Book.Order.repository.ts","statementMap":{"0":{"start":{"line":4,"column":0},"end":{"line":4,"column":57}},"1":{"start":{"line":5,"column":0},"end":{"line":5,"column":39}},"2":{"start":{"line":6,"column":0},"end":{"line":6,"column":49}},"3":{"start":{"line":7,"column":0},"end":{"line":7,"column":120}},"4":{"start":{"line":10,"column":18},"end":{"line":10,"column":35}},"5":{"start":{"line":11,"column":21},"end":{"line":22,"column":3}},"6":{"start":{"line":23,"column":20},"end":{"line":23,"column":177}},"7":{"start":{"line":24,"column":21},"end":{"line":24,"column":63}},"8":{"start":{"line":25,"column":19},"end":{"line":25,"column":47}},"9":{"start":{"line":26,"column":21},"end":{"line":26,"column":61}},"10":{"start":{"line":27,"column":20},"end":{"line":27,"column":180}},"11":{"start":{"line":30,"column":8},"end":{"line":38,"column":9}},"12":{"start":{"line":31,"column":27},"end":{"line":31,"column":66}},"13":{"start":{"line":32,"column":8},"end":{"line":32,"column":39}},"14":{"start":{"line":33,"column":8},"end":{"line":33,"column":47}},"15":{"start":{"line":36,"column":12},"end":{"line":36,"column":74}},"16":{"start":{"line":37,"column":12},"end":{"line":37,"column":97}},"17":{"start":{"line":42,"column":7},"end":{"line":58,"column":8}},"18":{"start":{"line":43,"column":21},"end":{"line":43,"column":60}},"19":{"start":{"line":44,"column":8},"end":{"line":53,"column":11}},"20":{"start":{"line":54,"column":9},"end":{"line":54,"column":29}},"21":{"start":{"line":56,"column":11},"end":{"line":56,"column":65}},"22":{"start":{"line":57,"column":11},"end":{"line":57,"column":74}},"23":{"start":{"line":61,"column":8},"end":{"line":71,"column":9}},"24":{"start":{"line":62,"column":24},"end":{"line":62,"column":63}},"25":{"start":{"line":63,"column":27},"end":{"line":63,"column":63}},"26":{"start":{"line":64,"column":12},"end":{"line":66,"column":13}},"27":{"start":{"line":65,"column":16},"end":{"line":65,"column":80}},"28":{"start":{"line":67,"column":12},"end":{"line":67,"column":34}},"29":{"start":{"line":69,"column":12},"end":{"line":69,"column":63}},"30":{"start":{"line":70,"column":12},"end":{"line":70,"column":72}},"31":{"start":{"line":74,"column":7},"end":{"line":81,"column":8}},"32":{"start":{"line":75,"column":21},"end":{"line":75,"column":60}},"33":{"start":{"line":76,"column":23},"end":{"line":76,"column":51}},"34":{"start":{"line":77,"column":8},"end":{"line":77,"column":27}},"35":{"start":{"line":79,"column":11},"end":{"line":79,"column":67}},"36":{"start":{"line":80,"column":11},"end":{"line":80,"column":76}},"37":{"start":{"line":84,"column":8},"end":{"line":100,"column":9}},"38":{"start":{"line":85,"column":25},"end":{"line":85,"column":64}},"39":{"start":{"line":86,"column":12},"end":{"line":96,"column":15}},"40":{"start":{"line":98,"column":12},"end":{"line":98,"column":66}},"41":{"start":{"line":99,"column":12},"end":{"line":99,"column":75}},"42":{"start":{"line":103,"column":8},"end":{"line":109,"column":9}},"43":{"start":{"line":104,"column":25},"end":{"line":104,"column":64}},"44":{"start":{"line":105,"column":12},"end":{"line":105,"column":49}},"45":{"start":{"line":107,"column":12},"end":{"line":107,"column":66}},"46":{"start":{"line":108,"column":12},"end":{"line":108,"column":75}},"47":{"start":{"line":28,"column":0},"end":{"line":28,"column":13}}},"fnMap":{"0":{"name":"(anonymous_8)","decl":{"start":{"line":29,"column":10},"end":{"line":29,"column":14}},"loc":{"start":{"line":29,"column":14},"end":{"line":40,"column":null}}},"1":{"name":"(anonymous_10)","decl":{"start":{"line":41,"column":9},"end":{"line":41,"column":15}},"loc":{"start":{"line":41,"column":38},"end":{"line":59,"column":null}}},"2":{"name":"(anonymous_12)","decl":{"start":{"line":60,"column":10},"end":{"line":60,"column":13}},"loc":{"start":{"line":60,"column":20},"end":{"line":72,"column":null}}},"3":{"name":"(anonymous_14)","decl":{"start":{"line":73,"column":10},"end":{"line":73,"column":16}},"loc":{"start":{"line":73,"column":16},"end":{"line":82,"column":null}}},"4":{"name":"(anonymous_16)","decl":{"start":{"line":83,"column":10},"end":{"line":83,"column":16}},"loc":{"start":{"line":83,"column":39},"end":{"line":101,"column":null}}},"5":{"name":"(anonymous_18)","decl":{"start":{"line":102,"column":10},"end":{"line":102,"column":16}},"loc":{"start":{"line":102,"column":23},"end":{"line":110,"column":null}}}},"branchMap":{"0":{"loc":{"start":{"line":64,"column":12},"end":{"line":66,"column":13}},"type":"if","locations":[{"start":{"line":64,"column":12},"end":{"line":66,"column":13}},{"start":{},"end":{}}]}},"s":{"0":1,"1":1,"2":1,"3":1,"4":1,"5":1,"6":1,"7":1,"8":1,"9":1,"10":1,"11":1,"12":1,"13":1,"14":0,"15":1,"16":1,"17":3,"18":3,"19":3,"20":2,"21":1,"22":1,"23":1,"24":1,"25":1,"26":1,"27":1,"28":0,"29":1,"30":1,"31":3,"32":3,"33":3,"34":2,"35":1,"36":1,"37":2,"38":2,"39":2,"40":1,"41":1,"42":2,"43":2,"44":2,"45":1,"46":1,"47":1},"f":{"0":1,"1":3,"2":1,"3":3,"4":2,"5":2},"b":{"0":[1,0]}}
,"C:\\Users\\User\\Downloads\\SE2-Assignments-Assignment1\\SE2-Assignments-Assignment1\\src\\repository\\Postgres\\Cake.Order.repository.ts": {"path":"C:\\Users\\User\\Downloads\\SE2-Assignments-Assignment1\\SE2-Assignments-Assignment1\\src\\repository\\Postgres\\Cake.Order.repository.ts","statementMap":{"0":{"start":{"line":3,"column":0},"end":{"line":3,"column":120}},"1":{"start":{"line":4,"column":0},"end":{"line":4,"column":39}},"2":{"start":{"line":5,"column":0},"end":{"line":5,"column":57}},"3":{"start":{"line":6,"column":0},"end":{"line":6,"column":49}},"4":{"start":{"line":7,"column":0},"end":{"line":7,"column":78}},"5":{"start":{"line":9,"column":18},"end":{"line":9,"column":35}},"6":{"start":{"line":10,"column":0},"end":{"line":10,"column":41}},"7":{"start":{"line":12,"column":21},"end":{"line":29,"column":3}},"8":{"start":{"line":31,"column":20},"end":{"line":36,"column":77}},"9":{"start":{"line":38,"column":21},"end":{"line":38,"column":63}},"10":{"start":{"line":39,"column":19},"end":{"line":39,"column":47}},"11":{"start":{"line":40,"column":21},"end":{"line":40,"column":61}},"12":{"start":{"line":41,"column":20},"end":{"line":44,"column":16}},"13":{"start":{"line":49,"column":8},"end":{"line":56,"column":9}},"14":{"start":{"line":50,"column":27},"end":{"line":50,"column":66}},"15":{"start":{"line":51,"column":12},"end":{"line":51,"column":45}},"16":{"start":{"line":52,"column":12},"end":{"line":52,"column":50}},"17":{"start":{"line":54,"column":12},"end":{"line":54,"column":74}},"18":{"start":{"line":55,"column":12},"end":{"line":55,"column":96}},"19":{"start":{"line":60,"column":8},"end":{"line":98,"column":9}},"20":{"start":{"line":61,"column":27},"end":{"line":61,"column":66}},"21":{"start":{"line":64,"column":35},"end":{"line":66,"column":null}},"22":{"start":{"line":69,"column":12},"end":{"line":72,"column":13}},"23":{"start":{"line":70,"column":16},"end":{"line":70,"column":94}},"24":{"start":{"line":71,"column":16},"end":{"line":71,"column":36}},"25":{"start":{"line":75,"column":12},"end":{"line":91,"column":15}},"26":{"start":{"line":93,"column":12},"end":{"line":93,"column":32}},"27":{"start":{"line":96,"column":12},"end":{"line":96,"column":64}},"28":{"start":{"line":97,"column":12},"end":{"line":97,"column":75}},"29":{"start":{"line":102,"column":9},"end":{"line":115,"column":9}},"30":{"start":{"line":103,"column":29},"end":{"line":103,"column":68}},"31":{"start":{"line":104,"column":29},"end":{"line":104,"column":67}},"32":{"start":{"line":105,"column":14},"end":{"line":105,"column":58}},"33":{"start":{"line":107,"column":14},"end":{"line":109,"column":15}},"34":{"start":{"line":108,"column":16},"end":{"line":108,"column":80}},"35":{"start":{"line":111,"column":14},"end":{"line":111,"column":66}},"36":{"start":{"line":113,"column":12},"end":{"line":113,"column":null}},"37":{"start":{"line":114,"column":12},"end":{"line":114,"column":78}},"38":{"start":{"line":119,"column":10},"end":{"line":127,"column":9}},"39":{"start":{"line":120,"column":29},"end":{"line":120,"column":68}},"40":{"start":{"line":121,"column":29},"end":{"line":121,"column":59}},"41":{"start":{"line":122,"column":29},"end":{"line":122,"column":53}},"42":{"start":{"line":123,"column":14},"end":{"line":123,"column":79}},"43":{"start":{"line":123,"column":61},"end":{"line":123,"column":77}},"44":{"start":{"line":125,"column":12},"end":{"line":125,"column":null}},"45":{"start":{"line":126,"column":12},"end":{"line":126,"column":77}},"46":{"start":{"line":131,"column":8},"end":{"line":153,"column":9}},"47":{"start":{"line":132,"column":27},"end":{"line":132,"column":66}},"48":{"start":{"line":133,"column":12},"end":{"line":149,"column":15}},"49":{"start":{"line":151,"column":12},"end":{"line":151,"column":92}},"50":{"start":{"line":152,"column":12},"end":{"line":152,"column":96}},"51":{"start":{"line":157,"column":8},"end":{"line":163,"column":9}},"52":{"start":{"line":158,"column":27},"end":{"line":158,"column":66}},"53":{"start":{"line":159,"column":12},"end":{"line":159,"column":51}},"54":{"start":{"line":161,"column":12},"end":{"line":161,"column":82}},"55":{"start":{"line":162,"column":12},"end":{"line":162,"column":86}},"56":{"start":{"line":46,"column":0},"end":{"line":46,"column":13}}},"fnMap":{"0":{"name":"(anonymous_8)","decl":{"start":{"line":48,"column":10},"end":{"line":48,"column":14}},"loc":{"start":{"line":48,"column":14},"end":{"line":57,"column":null}}},"1":{"name":"(anonymous_10)","decl":{"start":{"line":59,"column":10},"end":{"line":59,"column":16}},"loc":{"start":{"line":59,"column":39},"end":{"line":99,"column":null}}},"2":{"name":"(anonymous_12)","decl":{"start":{"line":101,"column":10},"end":{"line":101,"column":13}},"loc":{"start":{"line":101,"column":20},"end":{"line":116,"column":null}}},"3":{"name":"(anonymous_14)","decl":{"start":{"line":118,"column":10},"end":{"line":118,"column":16}},"loc":{"start":{"line":118,"column":16},"end":{"line":128,"column":null}}},"4":{"name":"(anonymous_16)","decl":{"start":{"line":123,"column":37},"end":{"line":123,"column":38}},"loc":{"start":{"line":123,"column":61},"end":{"line":123,"column":77}}},"5":{"name":"(anonymous_17)","decl":{"start":{"line":130,"column":10},"end":{"line":130,"column":16}},"loc":{"start":{"line":130,"column":39},"end":{"line":154,"column":null}}},"6":{"name":"(anonymous_19)","decl":{"start":{"line":156,"column":10},"end":{"line":156,"column":16}},"loc":{"start":{"line":156,"column":23},"end":{"line":164,"column":null}}}},"branchMap":{"0":{"loc":{"start":{"line":69,"column":12},"end":{"line":72,"column":13}},"type":"if","locations":[{"start":{"line":69,"column":12},"end":{"line":72,"column":13}},{"start":{},"end":{}}]},"1":{"loc":{"start":{"line":107,"column":14},"end":{"line":109,"column":15}},"type":"if","locations":[{"start":{"line":107,"column":14},"end":{"line":109,"column":15}},{"start":{},"end":{}}]}},"s":{"0":1,"1":1,"2":1,"3":1,"4":1,"5":1,"6":1,"7":1,"8":1,"9":1,"10":1,"11":1,"12":1,"13":2,"14":2,"15":2,"16":1,"17":1,"18":1,"19":3,"20":3,"21":3,"22":2,"23":2,"24":2,"25":0,"26":0,"27":1,"28":1,"29":2,"30":2,"31":2,"32":2,"33":2,"34":1,"35":1,"36":1,"37":1,"38":3,"39":3,"40":3,"41":2,"42":2,"43":2,"44":1,"45":1,"46":2,"47":2,"48":2,"49":1,"50":1,"51":2,"52":2,"53":2,"54":1,"55":1,"56":1},"f":{"0":2,"1":3,"2":2,"3":3,"4":2,"5":2,"6":2},"b":{"0":[2,0],"1":[1,1]}}
,"C:\\Users\\User\\Downloads\\SE2-Assignments-Assignment1\\SE2-Assignments-Assignment1\\src\\repository\\Postgres\\ConnectionMananger.ts": {"path":"C:\\Users\\User\\Downloads\\SE2-Assignments-Assignment1\\SE2-Assignments-Assignment1\\src\\repository\\Postgres\\ConnectionMananger.ts","statementMap":{"0":{"start":{"line":2,"column":0},"end":{"line":2,"column":34}},"1":{"start":{"line":3,"column":0},"end":{"line":3,"column":39}},"2":{"start":{"line":4,"column":0},"end":{"line":4,"column":72}},"3":{"start":{"line":5,"column":0},"end":{"line":5,"column":38}},"4":{"start":{"line":13,"column":8},"end":{"line":28,"column":9}},"5":{"start":{"line":14,"column":12},"end":{"line":27,"column":13}},"6":{"start":{"line":15,"column":16},"end":{"line":21,"column":19}},"7":{"start":{"line":25,"column":16},"end":{"line":25,"column":78}},"8":{"start":{"line":26,"column":16},"end":{"line":26,"column":88}},"9":{"start":{"line":30,"column":8},"end":{"line":35,"column":9}},"10":{"start":{"line":31,"column":12},"end":{"line":31,"column":45}},"11":{"start":{"line":33,"column":12},"end":{"line":33,"column":78}},"12":{"start":{"line":34,"column":12},"end":{"line":34,"column":91}},"13":{"start":{"line":7,"column":0},"end":{"line":7,"column":13}},"14":{"start":{"line":8,"column":19},"end":{"line":8,"column":44}}},"fnMap":{"0":{"name":"(anonymous_8)","decl":{"start":{"line":10,"column":4},"end":{"line":10,"column":27}},"loc":{"start":{"line":10,"column":4},"end":{"line":10,"column":28}}},"1":{"name":"(anonymous_9)","decl":{"start":{"line":12,"column":11},"end":{"line":12,"column":17}},"loc":{"start":{"line":12,"column":37},"end":{"line":36,"column":null}}}},"branchMap":{"0":{"loc":{"start":{"line":13,"column":8},"end":{"line":28,"column":9}},"type":"if","locations":[{"start":{"line":13,"column":8},"end":{"line":28,"column":9}},{"start":{},"end":{}}]}},"s":{"0":3,"1":3,"2":3,"3":3,"4":0,"5":0,"6":0,"7":0,"8":0,"9":0,"10":0,"11":0,"12":0,"13":3,"14":3},"f":{"0":0,"1":0},"b":{"0":[0,0]}}
,"C:\\Users\\User\\Downloads\\SE2-Assignments-Assignment1\\SE2-Assignments-Assignment1\\src\\repository\\Postgres\\Toy.Order.repository.ts": {"path":"C:\\Users\\User\\Downloads\\SE2-Assignments-Assignment1\\SE2-Assignments-Assignment1\\src\\repository\\Postgres\\Toy.Order.repository.ts","statementMap":{"0":{"start":{"line":3,"column":0},"end":{"line":3,"column":57}},"1":{"start":{"line":4,"column":0},"end":{"line":4,"column":39}},"2":{"start":{"line":5,"column":0},"end":{"line":5,"column":120}},"3":{"start":{"line":6,"column":0},"end":{"line":6,"column":49}},"4":{"start":{"line":8,"column":18},"end":{"line":8,"column":34}},"5":{"start":{"line":9,"column":21},"end":{"line":20,"column":3}},"6":{"start":{"line":21,"column":21},"end":{"line":21,"column":175}},"7":{"start":{"line":22,"column":21},"end":{"line":22,"column":63}},"8":{"start":{"line":23,"column":19},"end":{"line":23,"column":47}},"9":{"start":{"line":24,"column":21},"end":{"line":24,"column":61}},"10":{"start":{"line":25,"column":21},"end":{"line":25,"column":179}},"11":{"start":{"line":29,"column":8},"end":{"line":36,"column":9}},"12":{"start":{"line":30,"column":25},"end":{"line":30,"column":64}},"13":{"start":{"line":31,"column":12},"end":{"line":31,"column":43}},"14":{"start":{"line":32,"column":12},"end":{"line":32,"column":55}},"15":{"start":{"line":34,"column":12},"end":{"line":34,"column":79}},"16":{"start":{"line":35,"column":12},"end":{"line":35,"column":102}},"17":{"start":{"line":40,"column":8},"end":{"line":58,"column":9}},"18":{"start":{"line":41,"column":25},"end":{"line":41,"column":64}},"19":{"start":{"line":42,"column":12},"end":{"line":53,"column":15}},"20":{"start":{"line":54,"column":12},"end":{"line":54,"column":32}},"21":{"start":{"line":56,"column":12},"end":{"line":56,"column":71}},"22":{"start":{"line":57,"column":12},"end":{"line":57,"column":80}},"23":{"start":{"line":62,"column":8},"end":{"line":72,"column":9}},"24":{"start":{"line":63,"column":25},"end":{"line":63,"column":64}},"25":{"start":{"line":64,"column":27},"end":{"line":64,"column":63}},"26":{"start":{"line":65,"column":12},"end":{"line":67,"column":13}},"27":{"start":{"line":66,"column":16},"end":{"line":66,"column":85}},"28":{"start":{"line":68,"column":12},"end":{"line":68,"column":34}},"29":{"start":{"line":70,"column":12},"end":{"line":70,"column":68}},"30":{"start":{"line":71,"column":12},"end":{"line":71,"column":77}},"31":{"start":{"line":76,"column":8},"end":{"line":83,"column":9}},"32":{"start":{"line":77,"column":25},"end":{"line":77,"column":64}},"33":{"start":{"line":78,"column":27},"end":{"line":78,"column":55}},"34":{"start":{"line":79,"column":12},"end":{"line":79,"column":31}},"35":{"start":{"line":81,"column":12},"end":{"line":81,"column":73}},"36":{"start":{"line":82,"column":12},"end":{"line":82,"column":82}},"37":{"start":{"line":87,"column":8},"end":{"line":102,"column":9}},"38":{"start":{"line":88,"column":25},"end":{"line":88,"column":64}},"39":{"start":{"line":89,"column":12},"end":{"line":98,"column":15}},"40":{"start":{"line":100,"column":12},"end":{"line":100,"column":71}},"41":{"start":{"line":101,"column":12},"end":{"line":101,"column":80}},"42":{"start":{"line":106,"column":8},"end":{"line":112,"column":9}},"43":{"start":{"line":107,"column":25},"end":{"line":107,"column":64}},"44":{"start":{"line":108,"column":12},"end":{"line":108,"column":49}},"45":{"start":{"line":110,"column":12},"end":{"line":110,"column":71}},"46":{"start":{"line":111,"column":12},"end":{"line":111,"column":80}},"47":{"start":{"line":27,"column":0},"end":{"line":27,"column":13}}},"fnMap":{"0":{"name":"(anonymous_8)","decl":{"start":{"line":28,"column":10},"end":{"line":28,"column":14}},"loc":{"start":{"line":28,"column":14},"end":{"line":37,"column":null}}},"1":{"name":"(anonymous_10)","decl":{"start":{"line":39,"column":10},"end":{"line":39,"column":16}},"loc":{"start":{"line":39,"column":38},"end":{"line":59,"column":null}}},"2":{"name":"(anonymous_12)","decl":{"start":{"line":61,"column":10},"end":{"line":61,"column":13}},"loc":{"start":{"line":61,"column":20},"end":{"line":73,"column":null}}},"3":{"name":"(anonymous_14)","decl":{"start":{"line":75,"column":10},"end":{"line":75,"column":16}},"loc":{"start":{"line":75,"column":16},"end":{"line":84,"column":null}}},"4":{"name":"(anonymous_16)","decl":{"start":{"line":86,"column":10},"end":{"line":86,"column":16}},"loc":{"start":{"line":86,"column":38},"end":{"line":103,"column":null}}},"5":{"name":"(anonymous_18)","decl":{"start":{"line":105,"column":10},"end":{"line":105,"column":16}},"loc":{"start":{"line":105,"column":23},"end":{"line":113,"column":null}}}},"branchMap":{"0":{"loc":{"start":{"line":65,"column":12},"end":{"line":67,"column":13}},"type":"if","locations":[{"start":{"line":65,"column":12},"end":{"line":67,"column":13}},{"start":{},"end":{}}]}},"s":{"0":1,"1":1,"2":1,"3":1,"4":1,"5":1,"6":1,"7":1,"8":1,"9":1,"10":1,"11":1,"12":1,"13":1,"14":0,"15":1,"16":1,"17":3,"18":3,"19":3,"20":2,"21":1,"22":1,"23":1,"24":1,"25":1,"26":1,"27":1,"28":0,"29":1,"30":1,"31":3,"32":3,"33":3,"34":2,"35":1,"36":1,"37":2,"38":2,"39":2,"40":1,"41":1,"42":2,"43":2,"44":2,"45":1,"46":1,"47":1},"f":{"0":1,"1":3,"2":1,"3":3,"4":2,"5":2},"b":{"0":[1,0]}}
,"C:\\Users\\User\\Downloads\\SE2-Assignments-Assignment1\\SE2-Assignments-Assignment1\\src\\util\\logger.ts": {"path":"C:\\Users\\User\\Downloads\\SE2-Assignments-Assignment1\\SE2-Assignments-Assignment1\\src\\util\\logger.ts","statementMap":{"0":{"start":{"line":2,"column":0},"end":{"line":2,"column":30}},"1":{"start":{"line":4,"column":15},"end":{"line":4,"column":23}},"2":{"start":{"line":5,"column":14},"end":{"line":5,"column":51}},"3":{"start":{"line":10,"column":22},"end":{"line":14,"column":null}},"4":{"start":{"line":16,"column":25},"end":{"line":26,"column":null}},"5":{"start":{"line":23,"column":12},"end":{"line":23,"column":72}},"6":{"start":{"line":29,"column":15},"end":{"line":39,"column":2}},"7":{"start":{"line":40,"column":0},"end":{"line":43,"column":1}},"8":{"start":{"line":41,"column":4},"end":{"line":41,"column":75}},"9":{"start":{"line":42,"column":4},"end":{"line":42,"column":27}},"10":{"start":{"line":46,"column":0},"end":{"line":46,"column":22}}},"fnMap":{"0":{"name":"(anonymous_1)","decl":{"start":{"line":22,"column":8},"end":{"line":22,"column":9}},"loc":{"start":{"line":22,"column":47},"end":{"line":25,"column":9}}}},"branchMap":{"0":{"loc":{"start":{"line":23,"column":58},"end":{"line":23,"column":69}},"type":"binary-expr","locations":[{"start":{"line":23,"column":58},"end":{"line":23,"column":63}},{"start":{"line":23,"column":67},"end":{"line":23,"column":69}}]},"1":{"loc":{"start":{"line":40,"column":0},"end":{"line":43,"column":1}},"type":"if","locations":[{"start":{"line":40,"column":0},"end":{"line":43,"column":1}},{"start":{},"end":{}}]}},"s":{"0":7,"1":7,"2":7,"3":7,"4":7,"5":23,"6":7,"7":7,"8":7,"9":7,"10":7},"f":{"0":23},"b":{"0":[23,9],"1":[7,0]}}
,"C:\\Users\\User\\Downloads\\SE2-Assignments-Assignment1\\SE2-Assignments-Assignment1\\src\\util\\exceptions\\repositoryException.ts": {"path":"C:\\Users\\User\\Downloads\\SE2-Assignments-Assignment1\\SE2-Assignments-Assignment1\\src\\util\\exceptions\\repositoryException.ts","statementMap":{"0":{"start":{"line":3,"column":8},"end":{"line":3,"column":23}},"1":{"start":{"line":4,"column":8},"end":{"line":4,"column":44}},"2":{"start":{"line":1,"column":0},"end":{"line":1,"column":13}},"3":{"start":{"line":11,"column":8},"end":{"line":11,"column":23}},"4":{"start":{"line":12,"column":8},"end":{"line":12,"column":43}},"5":{"start":{"line":9,"column":0},"end":{"line":9,"column":13}},"6":{"start":{"line":18,"column":8},"end":{"line":18,"column":23}},"7":{"start":{"line":19,"column":8},"end":{"line":19,"column":46}},"8":{"start":{"line":20,"column":8},"end":{"line":20,"column":33}},"9":{"start":{"line":21,"column":8},"end":{"line":21,"column":31}},"10":{"start":{"line":16,"column":0},"end":{"line":16,"column":13}},"11":{"start":{"line":27,"column":8},"end":{"line":27,"column":23}},"12":{"start":{"line":28,"column":8},"end":{"line":28,"column":34}},"13":{"start":{"line":29,"column":8},"end":{"line":29,"column":33}},"14":{"start":{"line":30,"column":8},"end":{"line":30,"column":54}},"15":{"start":{"line":25,"column":0},"end":{"line":25,"column":13}}},"fnMap":{"0":{"name":"(anonymous_0)","decl":{"start":{"line":2,"column":4},"end":{"line":2,"column":16}},"loc":{"start":{"line":2,"column":31},"end":{"line":6,"column":5}}},"1":{"name":"(anonymous_1)","decl":{"start":{"line":10,"column":4},"end":{"line":10,"column":16}},"loc":{"start":{"line":10,"column":31},"end":{"line":13,"column":5}}},"2":{"name":"(anonymous_2)","decl":{"start":{"line":17,"column":4},"end":{"line":17,"column":16}},"loc":{"start":{"line":17,"column":44},"end":{"line":23,"column":5}}},"3":{"name":"(anonymous_3)","decl":{"start":{"line":26,"column":4},"end":{"line":26,"column":16}},"loc":{"start":{"line":26,"column":43},"end":{"line":33,"column":5}}}},"branchMap":{},"s":{"0":3,"1":3,"2":6,"3":0,"4":0,"5":6,"6":3,"7":3,"8":3,"9":3,"10":6,"11":15,"12":15,"13":15,"14":15,"15":6},"f":{"0":3,"1":0,"2":3,"3":15},"b":{}}
}
