TN:
SF:src\config\index.ts
FNF:0
FNH:0
DA:1,3
DA:2,3
DA:4,3
DA:7,3
LF:4
LH:4
BRDA:8,0,0,3
BRDA:8,0,1,3
BRF:2
BRH:2
end_of_record
TN:
SF:src\mappers\Cake.mappers.ts
FN:8,(anonymous_0)
FN:33,(anonymous_1)
FN:74,(anonymous_2)
FN:96,(anonymous_3)
FN:138,(anonymous_4)
FN:162,(anonymous_5)
FN:199,(anonymous_6)
FN:216,(anonymous_7)
FNF:8
FNH:1
FNDA:0,(anonymous_0)
FNDA:0,(anonymous_1)
FNDA:0,(anonymous_2)
FNDA:0,(anonymous_3)
FNDA:3,(anonymous_4)
FNDA:0,(anonymous_5)
FNDA:0,(anonymous_6)
FNDA:0,(anonymous_7)
DA:2,1
DA:3,1
DA:7,1
DA:13,0
DA:15,0
DA:35,0
DA:73,1
DA:75,0
DA:97,0
DA:137,1
DA:141,3
DA:164,0
DA:198,1
DA:201,0
DA:217,0
LF:15
LH:7
BRDA:148,0,0,3
BRDA:148,0,1,3
BRDA:149,1,0,3
BRDA:149,1,1,3
BRDA:150,2,0,3
BRDA:150,2,1,3
BRDA:151,3,0,3
BRDA:151,3,1,3
BRDA:152,4,0,3
BRDA:152,4,1,3
BRDA:155,5,0,3
BRDA:155,5,1,3
BRDA:156,6,0,3
BRDA:156,6,1,3
BRF:14
BRH:14
end_of_record
TN:
SF:src\model\Book.models.ts
FN:20,(anonymous_0)
FN:33,(anonymous_1)
FN:39,(anonymous_2)
FN:43,(anonymous_3)
FN:47,(anonymous_4)
FN:51,(anonymous_5)
FN:55,(anonymous_6)
FN:59,(anonymous_7)
FN:63,(anonymous_8)
FN:67,(anonymous_9)
FN:77,(anonymous_10)
FN:80,(anonymous_11)
FN:93,(anonymous_12)
FN:96,(anonymous_13)
FNF:14
FNH:11
FNDA:2,(anonymous_0)
FNDA:0,(anonymous_1)
FNDA:5,(anonymous_2)
FNDA:5,(anonymous_3)
FNDA:5,(anonymous_4)
FNDA:5,(anonymous_5)
FNDA:5,(anonymous_6)
FNDA:5,(anonymous_7)
FNDA:5,(anonymous_8)
FNDA:5,(anonymous_9)
FNDA:0,(anonymous_10)
FNDA:2,(anonymous_11)
FNDA:0,(anonymous_12)
FNDA:7,(anonymous_13)
DA:2,2
DA:5,2
DA:22,2
DA:23,2
DA:24,2
DA:25,2
DA:26,2
DA:27,2
DA:28,2
DA:29,2
DA:34,0
DA:40,5
DA:44,5
DA:48,5
DA:52,5
DA:56,5
DA:60,5
DA:64,5
DA:68,5
DA:76,2
DA:78,0
DA:81,2
DA:91,2
DA:94,0
DA:97,7
LF:25
LH:22
BRF:0
BRH:0
end_of_record
TN:
SF:src\model\Cake.model.ts
FN:9,(anonymous_0)
FN:62,(anonymous_1)
FN:68,(anonymous_2)
FN:72,(anonymous_3)
FN:76,(anonymous_4)
FN:80,(anonymous_5)
FN:84,(anonymous_6)
FN:88,(anonymous_7)
FN:92,(anonymous_8)
FN:97,(anonymous_9)
FN:101,(anonymous_10)
FN:105,(anonymous_11)
FN:109,(anonymous_12)
FN:113,(anonymous_13)
FN:117,(anonymous_14)
FN:121,(anonymous_15)
FN:129,(anonymous_16)
FN:164,(anonymous_17)
FN:171,(anonymous_18)
FNF:19
FNH:17
FNDA:8,(anonymous_0)
FNDA:0,(anonymous_1)
FNDA:5,(anonymous_2)
FNDA:5,(anonymous_3)
FNDA:5,(anonymous_4)
FNDA:5,(anonymous_5)
FNDA:5,(anonymous_6)
FNDA:5,(anonymous_7)
FNDA:5,(anonymous_8)
FNDA:5,(anonymous_9)
FNDA:5,(anonymous_10)
FNDA:5,(anonymous_11)
FNDA:5,(anonymous_12)
FNDA:5,(anonymous_13)
FNDA:5,(anonymous_14)
FNDA:5,(anonymous_15)
FNDA:5,(anonymous_16)
FNDA:0,(anonymous_17)
FNDA:12,(anonymous_18)
DA:2,1
DA:7,1
DA:28,8
DA:29,8
DA:30,8
DA:31,8
DA:32,8
DA:33,8
DA:34,8
DA:35,8
DA:36,8
DA:37,8
DA:38,8
DA:39,8
DA:40,8
DA:41,8
DA:63,0
DA:69,5
DA:73,5
DA:77,5
DA:81,5
DA:85,5
DA:89,5
DA:93,5
DA:98,5
DA:102,5
DA:106,5
DA:110,5
DA:114,5
DA:118,5
DA:122,5
DA:128,1
DA:130,5
DA:146,5
DA:165,0
DA:172,12
LF:36
LH:34
BRF:0
BRH:0
end_of_record
TN:
SF:src\model\IItem.ts
FN:10,(anonymous_0)
FNF:1
FNH:1
FNDA:3,(anonymous_0)
DA:10,3
DA:11,3
DA:12,3
DA:13,3
LF:4
LH:4
BRDA:10,0,0,3
BRDA:10,0,1,3
BRF:2
BRH:2
end_of_record
TN:
SF:src\model\Toy.models.ts
FN:18,(anonymous_0)
FN:29,(anonymous_1)
FN:33,(anonymous_2)
FN:36,(anonymous_3)
FN:39,(anonymous_4)
FN:42,(anonymous_5)
FN:45,(anonymous_6)
FN:48,(anonymous_7)
FN:51,(anonymous_8)
FN:54,(anonymous_9)
FN:60,(anonymous_10)
FN:66,(anonymous_11)
FN:69,(anonymous_12)
FNF:13
FNH:11
FNDA:2,(anonymous_0)
FNDA:0,(anonymous_1)
FNDA:3,(anonymous_2)
FNDA:5,(anonymous_3)
FNDA:5,(anonymous_4)
FNDA:5,(anonymous_5)
FNDA:5,(anonymous_6)
FNDA:5,(anonymous_7)
FNDA:5,(anonymous_8)
FNDA:5,(anonymous_9)
FNDA:2,(anonymous_10)
FNDA:0,(anonymous_11)
FNDA:7,(anonymous_12)
DA:2,1
DA:6,1
DA:20,2
DA:21,2
DA:22,2
DA:23,2
DA:24,2
DA:25,2
DA:26,2
DA:27,2
DA:30,0
DA:34,3
DA:37,5
DA:40,5
DA:43,5
DA:46,5
DA:49,5
DA:52,5
DA:55,5
DA:59,1
DA:60,2
DA:61,2
DA:67,0
DA:70,7
LF:24
LH:22
BRF:0
BRH:0
end_of_record
TN:
SF:src\model\Builder\book.builder.ts
FN:5,(anonymous_0)
FN:20,(anonymous_1)
FN:25,(anonymous_2)
FN:30,(anonymous_3)
FN:35,(anonymous_4)
FN:40,(anonymous_5)
FN:45,(anonymous_6)
FN:50,(anonymous_7)
FN:55,(anonymous_8)
FN:60,(anonymous_9)
FN:67,(anonymous_10)
FN:106,(anonymous_11)
FN:110,(anonymous_12)
FN:114,(anonymous_13)
FN:118,(anonymous_14)
FNF:15
FNH:0
FNDA:0,(anonymous_0)
FNDA:0,(anonymous_1)
FNDA:0,(anonymous_2)
FNDA:0,(anonymous_3)
FNDA:0,(anonymous_4)
FNDA:0,(anonymous_5)
FNDA:0,(anonymous_6)
FNDA:0,(anonymous_7)
FNDA:0,(anonymous_8)
FNDA:0,(anonymous_9)
FNDA:0,(anonymous_10)
FNDA:0,(anonymous_11)
FNDA:0,(anonymous_12)
FNDA:0,(anonymous_13)
FNDA:0,(anonymous_14)
DA:2,1
DA:4,1
DA:6,0
DA:21,0
DA:26,0
DA:27,0
DA:31,0
DA:32,0
DA:36,0
DA:37,0
DA:41,0
DA:42,0
DA:46,0
DA:47,0
DA:51,0
DA:52,0
DA:56,0
DA:57,0
DA:61,0
DA:62,0
DA:68,0
DA:80,0
DA:81,0
DA:82,0
DA:85,0
DA:100,1
DA:107,0
DA:111,0
DA:112,0
DA:115,0
DA:116,0
DA:119,0
DA:120,0
DA:122,0
LF:34
LH:3
BRDA:81,0,0,0
BRDA:81,0,1,0
BRDA:81,1,0,0
BRDA:81,1,1,0
BRDA:119,2,0,0
BRDA:119,2,1,0
BRDA:119,3,0,0
BRDA:119,3,1,0
BRF:8
BRH:0
end_of_record
TN:
SF:src\model\Builder\cake.builder.ts
FN:23,(anonymous_1)
FN:27,(anonymous_2)
FN:31,(anonymous_3)
FN:35,(anonymous_4)
FN:39,(anonymous_5)
FN:43,(anonymous_6)
FN:47,(anonymous_7)
FN:51,(anonymous_8)
FN:55,(anonymous_9)
FN:59,(anonymous_10)
FN:63,(anonymous_11)
FN:67,(anonymous_12)
FN:71,(anonymous_13)
FN:75,(anonymous_14)
FN:79,(anonymous_15)
FN:85,(anonymous_16)
FN:134,(anonymous_17)
FN:138,(anonymous_18)
FN:144,(anonymous_19)
FN:150,(anonymous_20)
FNF:20
FNH:20
FNDA:3,(anonymous_1)
FNDA:3,(anonymous_2)
FNDA:3,(anonymous_3)
FNDA:3,(anonymous_4)
FNDA:3,(anonymous_5)
FNDA:3,(anonymous_6)
FNDA:3,(anonymous_7)
FNDA:3,(anonymous_8)
FNDA:3,(anonymous_9)
FNDA:3,(anonymous_10)
FNDA:3,(anonymous_11)
FNDA:3,(anonymous_12)
FNDA:3,(anonymous_13)
FNDA:3,(anonymous_14)
FNDA:3,(anonymous_15)
FNDA:3,(anonymous_16)
FNDA:3,(anonymous_17)
FNDA:3,(anonymous_18)
FNDA:3,(anonymous_19)
FNDA:3,(anonymous_20)
DA:1,1
DA:2,1
DA:4,1
DA:24,3
DA:28,3
DA:29,3
DA:32,3
DA:33,3
DA:36,3
DA:37,3
DA:40,3
DA:41,3
DA:44,3
DA:45,3
DA:48,3
DA:49,3
DA:52,3
DA:53,3
DA:56,3
DA:57,3
DA:60,3
DA:61,3
DA:64,3
DA:65,3
DA:68,3
DA:69,3
DA:72,3
DA:73,3
DA:76,3
DA:77,3
DA:80,3
DA:81,3
DA:86,3
DA:101,3
DA:102,33
DA:103,0
DA:106,3
DA:128,1
DA:135,3
DA:140,3
DA:141,3
DA:145,3
DA:146,3
DA:151,3
DA:152,0
DA:153,0
DA:155,3
LF:47
LH:44
BRDA:102,0,0,0
BRDA:102,0,1,33
BRDA:102,1,0,33
BRDA:102,1,1,33
BRDA:151,2,0,0
BRDA:151,2,1,3
BRDA:151,3,0,3
BRDA:151,3,1,3
BRF:8
BRH:6
end_of_record
TN:
SF:src\parsers\csvParser.ts
FN:8,(anonymous_1)
FN:9,(anonymous_2)
FN:20,(anonymous_3)
FN:21,(anonymous_4)
FN:22,(anonymous_5)
FN:23,(anonymous_6)
FN:28,(anonymous_7)
FN:29,(anonymous_8)
FN:36,(anonymous_9)
FN:37,(anonymous_10)
FN:40,(anonymous_11)
FN:41,(anonymous_12)
FN:53,(anonymous_13)
FN:58,(anonymous_14)
FNF:14
FNH:7
FNDA:3,(anonymous_1)
FNDA:3,(anonymous_2)
FNDA:2,(anonymous_3)
FNDA:10,(anonymous_4)
FNDA:5,(anonymous_5)
FNDA:13,(anonymous_6)
FNDA:2,(anonymous_7)
FNDA:0,(anonymous_8)
FNDA:0,(anonymous_9)
FNDA:0,(anonymous_10)
FNDA:0,(anonymous_11)
FNDA:0,(anonymous_12)
FNDA:0,(anonymous_13)
FNDA:0,(anonymous_14)
DA:1,1
DA:2,1
DA:3,1
DA:6,1
DA:8,1
DA:9,3
DA:10,3
DA:12,3
DA:13,1
DA:14,1
DA:15,1
DA:18,2
DA:20,2
DA:21,10
DA:22,2
DA:23,13
DA:24,5
DA:28,2
DA:29,2
DA:30,0
DA:31,0
DA:36,1
DA:37,0
DA:38,0
DA:40,0
DA:41,0
DA:43,0
DA:48,0
DA:50,0
DA:51,0
DA:53,0
DA:54,0
DA:55,0
DA:58,0
DA:59,0
DA:60,0
DA:63,0
DA:64,0
LF:38
LH:20
BRDA:8,0,0,0
BRDA:12,1,0,1
BRDA:12,1,1,2
BRDA:43,2,0,0
BRDA:43,2,1,0
BRF:5
BRH:2
end_of_record
TN:
SF:src\parsers\jsonParser.ts
FN:4,(anonymous_1)
FN:5,(anonymous_2)
FN:9,(anonymous_3)
FN:13,(anonymous_4)
FN:23,(anonymous_5)
FNF:5
FNH:4
FNDA:2,(anonymous_1)
FNDA:2,(anonymous_2)
FNDA:2,(anonymous_3)
FNDA:2,(anonymous_4)
FNDA:0,(anonymous_5)
DA:1,1
DA:2,1
DA:4,1
DA:5,2
DA:6,2
DA:7,2
DA:9,2
DA:10,2
DA:13,2
DA:14,2
DA:15,2
DA:16,1
DA:18,1
DA:19,1
DA:23,2
DA:24,0
DA:25,0
LF:17
LH:15
BRDA:10,0,0,2
BRDA:10,0,1,0
BRF:2
BRH:1
end_of_record
TN:
SF:src\parsers\xmlParser.ts
FN:5,(anonymous_8)
FN:5,(anonymous_9)
FNF:2
FNH:2
FNDA:1,(anonymous_8)
FNDA:1,(anonymous_9)
DA:1,1
DA:2,1
DA:3,1
DA:5,1
DA:6,1
DA:7,1
DA:8,1
DA:9,1
DA:11,0
DA:12,0
LF:10
LH:8
BRF:0
BRH:0
end_of_record
TN:
SF:src\repository\Postgres\Book.Order.repository.ts
FN:29,(anonymous_8)
FN:41,(anonymous_10)
FN:60,(anonymous_12)
FN:73,(anonymous_14)
FN:83,(anonymous_16)
FN:102,(anonymous_18)
FNF:6
FNH:6
FNDA:1,(anonymous_8)
FNDA:3,(anonymous_10)
FNDA:1,(anonymous_12)
FNDA:3,(anonymous_14)
FNDA:2,(anonymous_16)
FNDA:2,(anonymous_18)
DA:4,1
DA:5,1
DA:6,1
DA:7,1
DA:10,1
DA:11,1
DA:23,1
DA:24,1
DA:25,1
DA:26,1
DA:27,1
DA:28,1
DA:30,1
DA:31,1
DA:32,1
DA:33,0
DA:36,1
DA:37,1
DA:42,3
DA:43,3
DA:44,3
DA:54,2
DA:56,1
DA:57,1
DA:61,1
DA:62,1
DA:63,1
DA:64,1
DA:65,1
DA:67,0
DA:69,1
DA:70,1
DA:74,3
DA:75,3
DA:76,3
DA:77,2
DA:79,1
DA:80,1
DA:84,2
DA:85,2
DA:86,2
DA:98,1
DA:99,1
DA:103,2
DA:104,2
DA:105,2
DA:107,1
DA:108,1
LF:48
LH:46
BRDA:64,0,0,1
BRDA:64,0,1,0
BRF:2
BRH:1
end_of_record
TN:
SF:src\repository\Postgres\Cake.Order.repository.ts
FN:48,(anonymous_8)
FN:59,(anonymous_10)
FN:101,(anonymous_12)
FN:118,(anonymous_14)
FN:123,(anonymous_16)
FN:130,(anonymous_17)
FN:156,(anonymous_19)
FNF:7
FNH:7
FNDA:2,(anonymous_8)
FNDA:3,(anonymous_10)
FNDA:2,(anonymous_12)
FNDA:3,(anonymous_14)
FNDA:2,(anonymous_16)
FNDA:2,(anonymous_17)
FNDA:2,(anonymous_19)
DA:3,1
DA:4,1
DA:5,1
DA:6,1
DA:7,1
DA:9,1
DA:10,1
DA:12,1
DA:31,1
DA:38,1
DA:39,1
DA:40,1
DA:41,1
DA:46,1
DA:49,2
DA:50,2
DA:51,2
DA:52,1
DA:54,1
DA:55,1
DA:60,3
DA:61,3
DA:64,3
DA:69,2
DA:70,2
DA:71,2
DA:75,0
DA:93,0
DA:96,1
DA:97,1
DA:102,2
DA:103,2
DA:104,2
DA:105,2
DA:107,2
DA:108,1
DA:111,1
DA:113,1
DA:114,1
DA:119,3
DA:120,3
DA:121,3
DA:122,2
DA:123,2
DA:125,1
DA:126,1
DA:131,2
DA:132,2
DA:133,2
DA:151,1
DA:152,1
DA:157,2
DA:158,2
DA:159,2
DA:161,1
DA:162,1
LF:56
LH:54
BRDA:69,0,0,2
BRDA:69,0,1,0
BRDA:107,1,0,1
BRDA:107,1,1,1
BRF:4
BRH:3
end_of_record
TN:
SF:src\repository\Postgres\ConnectionMananger.ts
FN:10,(anonymous_8)
FN:12,(anonymous_9)
FNF:2
FNH:0
FNDA:0,(anonymous_8)
FNDA:0,(anonymous_9)
DA:2,3
DA:3,3
DA:4,3
DA:5,3
DA:7,3
DA:8,3
DA:13,0
DA:14,0
DA:15,0
DA:25,0
DA:26,0
DA:30,0
DA:31,0
DA:33,0
DA:34,0
LF:15
LH:6
BRDA:13,0,0,0
BRDA:13,0,1,0
BRF:2
BRH:0
end_of_record
TN:
SF:src\repository\Postgres\Toy.Order.repository.ts
FN:28,(anonymous_8)
FN:39,(anonymous_10)
FN:61,(anonymous_12)
FN:75,(anonymous_14)
FN:86,(anonymous_16)
FN:105,(anonymous_18)
FNF:6
FNH:6
FNDA:1,(anonymous_8)
FNDA:3,(anonymous_10)
FNDA:1,(anonymous_12)
FNDA:3,(anonymous_14)
FNDA:2,(anonymous_16)
FNDA:2,(anonymous_18)
DA:3,1
DA:4,1
DA:5,1
DA:6,1
DA:8,1
DA:9,1
DA:21,1
DA:22,1
DA:23,1
DA:24,1
DA:25,1
DA:27,1
DA:29,1
DA:30,1
DA:31,1
DA:32,0
DA:34,1
DA:35,1
DA:40,3
DA:41,3
DA:42,3
DA:54,2
DA:56,1
DA:57,1
DA:62,1
DA:63,1
DA:64,1
DA:65,1
DA:66,1
DA:68,0
DA:70,1
DA:71,1
DA:76,3
DA:77,3
DA:78,3
DA:79,2
DA:81,1
DA:82,1
DA:87,2
DA:88,2
DA:89,2
DA:100,1
DA:101,1
DA:106,2
DA:107,2
DA:108,2
DA:110,1
DA:111,1
LF:48
LH:46
BRDA:65,0,0,1
BRDA:65,0,1,0
BRF:2
BRH:1
end_of_record
TN:
SF:src\util\logger.ts
FN:22,(anonymous_1)
FNF:1
FNH:1
FNDA:23,(anonymous_1)
DA:2,7
DA:4,7
DA:5,7
DA:10,7
DA:16,7
DA:23,23
DA:29,7
DA:40,7
DA:41,7
DA:42,7
DA:46,7
LF:11
LH:11
BRDA:23,0,0,23
BRDA:23,0,1,9
BRDA:40,1,0,7
BRDA:40,1,1,0
BRF:4
BRH:3
end_of_record
TN:
SF:src\util\exceptions\repositoryException.ts
FN:2,(anonymous_0)
FN:10,(anonymous_1)
FN:17,(anonymous_2)
FN:26,(anonymous_3)
FNF:4
FNH:3
FNDA:3,(anonymous_0)
FNDA:0,(anonymous_1)
FNDA:3,(anonymous_2)
FNDA:15,(anonymous_3)
DA:1,6
DA:3,3
DA:4,3
DA:9,6
DA:11,0
DA:12,0
DA:16,6
DA:18,3
DA:19,3
DA:20,3
DA:21,3
DA:25,6
DA:27,15
DA:28,15
DA:29,15
DA:30,15
LF:16
LH:14
BRF:0
BRH:0
end_of_record
